10:35:56.345 [INFO] [org.gradle.launcher.daemon.server.Daemon] start() called on daemon - DefaultDaemonContext[uid=3ee589dc-7565-44d0-a1d9-bae961dc961c,javaHome=D:\Softwares\Java 8,daemonRegistryDir=C:\Users\DELL\.gradle\daemon,pid=19324,idleTimeout=10800000,daemonOpts=-XX:MaxPermSize=256m,-XX:+HeapDumpOnOutOfMemoryError,-Xmx1024m,-Dfile.encoding=UTF-8,-Duser.country=IN,-Duser.language=en,-Duser.variant]
10:35:56.349 [DEBUG] [org.gradle.launcher.daemon.server.DaemonStateCoordinator] updating lastActivityAt to 1657688756349
10:35:56.596 [DEBUG] [org.gradle.messaging.remote.internal.inet.InetAddressFactory] Adding IP addresses for network interface Software Loopback Interface 1
10:35:56.599 [DEBUG] [org.gradle.messaging.remote.internal.inet.InetAddressFactory] Is this a loopback interface? true
10:35:56.602 [DEBUG] [org.gradle.messaging.remote.internal.inet.InetAddressFactory] Is this a multicast interface? true
10:35:56.603 [DEBUG] [org.gradle.messaging.remote.internal.inet.InetAddressFactory] Adding loopback address /127.0.0.1
10:35:56.604 [DEBUG] [org.gradle.messaging.remote.internal.inet.InetAddressFactory] Adding loopback address /0:0:0:0:0:0:0:1
10:35:56.606 [DEBUG] [org.gradle.messaging.remote.internal.inet.InetAddressFactory] Adding loopback multicast interface Software Loopback Interface 1
10:35:56.606 [DEBUG] [org.gradle.messaging.remote.internal.inet.InetAddressFactory] Adding IP addresses for network interface Microsoft 6to4 Adapter
10:35:56.609 [DEBUG] [org.gradle.messaging.remote.internal.inet.InetAddressFactory] Is this a loopback interface? false
10:35:56.612 [DEBUG] [org.gradle.messaging.remote.internal.inet.InetAddressFactory] Is this a multicast interface? true
10:35:56.613 [DEBUG] [org.gradle.messaging.remote.internal.inet.InetAddressFactory] Adding loopback multicast interface Microsoft 6to4 Adapter
10:35:56.614 [DEBUG] [org.gradle.messaging.remote.internal.inet.InetAddressFactory] Adding IP addresses for network interface TAP-Windows Adapter V9 for OpenVPN Connect
10:35:56.618 [DEBUG] [org.gradle.messaging.remote.internal.inet.InetAddressFactory] Is this a loopback interface? false
10:35:56.621 [DEBUG] [org.gradle.messaging.remote.internal.inet.InetAddressFactory] Is this a multicast interface? true
10:35:56.622 [DEBUG] [org.gradle.messaging.remote.internal.inet.InetAddressFactory] Adding remote address /fe80:0:0:0:3df8:7d53:a1c4:249e%net1
10:35:56.623 [DEBUG] [org.gradle.messaging.remote.internal.inet.InetAddressFactory] Adding remote multicast interface TAP-Windows Adapter V9 for OpenVPN Connect
10:35:56.623 [DEBUG] [org.gradle.messaging.remote.internal.inet.InetAddressFactory] Adding IP addresses for network interface Microsoft IP-HTTPS Platform Adapter
10:35:56.628 [DEBUG] [org.gradle.messaging.remote.internal.inet.InetAddressFactory] Is this a loopback interface? false
10:35:56.632 [DEBUG] [org.gradle.messaging.remote.internal.inet.InetAddressFactory] Is this a multicast interface? true
10:35:56.632 [DEBUG] [org.gradle.messaging.remote.internal.inet.InetAddressFactory] Adding loopback multicast interface Microsoft IP-HTTPS Platform Adapter
10:35:56.634 [DEBUG] [org.gradle.messaging.remote.internal.inet.InetAddressFactory] Adding IP addresses for network interface Microsoft Kernel Debug Network Adapter
10:35:56.640 [DEBUG] [org.gradle.messaging.remote.internal.inet.InetAddressFactory] Is this a loopback interface? false
10:35:56.644 [DEBUG] [org.gradle.messaging.remote.internal.inet.InetAddressFactory] Is this a multicast interface? true
10:35:56.646 [DEBUG] [org.gradle.messaging.remote.internal.inet.InetAddressFactory] Adding loopback multicast interface Microsoft Kernel Debug Network Adapter
10:35:56.646 [DEBUG] [org.gradle.messaging.remote.internal.inet.InetAddressFactory] Adding IP addresses for network interface Realtek PCIe GbE Family Controller
10:35:56.650 [DEBUG] [org.gradle.messaging.remote.internal.inet.InetAddressFactory] Is this a loopback interface? false
10:35:56.653 [DEBUG] [org.gradle.messaging.remote.internal.inet.InetAddressFactory] Is this a multicast interface? true
10:35:56.653 [DEBUG] [org.gradle.messaging.remote.internal.inet.InetAddressFactory] Adding remote address /fe80:0:0:0:9d80:1777:7fcd:cc1b%eth1
10:35:56.654 [DEBUG] [org.gradle.messaging.remote.internal.inet.InetAddressFactory] Adding remote multicast interface Realtek PCIe GbE Family Controller
10:35:56.654 [DEBUG] [org.gradle.messaging.remote.internal.inet.InetAddressFactory] Adding IP addresses for network interface WAN Miniport (PPPOE)
10:35:56.657 [DEBUG] [org.gradle.messaging.remote.internal.inet.InetAddressFactory] Is this a loopback interface? false
10:35:56.661 [DEBUG] [org.gradle.messaging.remote.internal.inet.InetAddressFactory] Is this a multicast interface? true
10:35:56.662 [DEBUG] [org.gradle.messaging.remote.internal.inet.InetAddressFactory] Adding loopback multicast interface WAN Miniport (PPPOE)
10:35:56.662 [DEBUG] [org.gradle.messaging.remote.internal.inet.InetAddressFactory] Adding IP addresses for network interface WAN Miniport (IP)
10:35:56.666 [DEBUG] [org.gradle.messaging.remote.internal.inet.InetAddressFactory] Is this a loopback interface? false
10:35:56.668 [DEBUG] [org.gradle.messaging.remote.internal.inet.InetAddressFactory] Is this a multicast interface? true
10:35:56.669 [DEBUG] [org.gradle.messaging.remote.internal.inet.InetAddressFactory] Adding loopback multicast interface WAN Miniport (IP)
10:35:56.671 [DEBUG] [org.gradle.messaging.remote.internal.inet.InetAddressFactory] Adding IP addresses for network interface WAN Miniport (IKEv2)
10:35:56.674 [DEBUG] [org.gradle.messaging.remote.internal.inet.InetAddressFactory] Is this a loopback interface? false
10:35:56.683 [DEBUG] [org.gradle.messaging.remote.internal.inet.InetAddressFactory] Is this a multicast interface? true
10:35:56.683 [DEBUG] [org.gradle.messaging.remote.internal.inet.InetAddressFactory] Adding loopback multicast interface WAN Miniport (IKEv2)
10:35:56.684 [DEBUG] [org.gradle.messaging.remote.internal.inet.InetAddressFactory] Adding IP addresses for network interface Qualcomm QCA9377 802.11ac Wireless Adapter
10:35:56.687 [DEBUG] [org.gradle.messaging.remote.internal.inet.InetAddressFactory] Is this a loopback interface? false
10:35:56.691 [DEBUG] [org.gradle.messaging.remote.internal.inet.InetAddressFactory] Is this a multicast interface? true
10:35:56.691 [DEBUG] [org.gradle.messaging.remote.internal.inet.InetAddressFactory] Adding remote address /192.168.29.15
10:35:56.691 [DEBUG] [org.gradle.messaging.remote.internal.inet.InetAddressFactory] Adding remote address /2405:201:6807:10be:c98e:d897:1331:5dbd
10:35:56.692 [DEBUG] [org.gradle.messaging.remote.internal.inet.InetAddressFactory] Adding remote address /2405:201:6807:10be:f8ff:804d:ac3f:f0e1
10:35:56.692 [DEBUG] [org.gradle.messaging.remote.internal.inet.InetAddressFactory] Adding remote address /fe80:0:0:0:c98e:d897:1331:5dbd%wlan0
10:35:56.692 [DEBUG] [org.gradle.messaging.remote.internal.inet.InetAddressFactory] Adding remote multicast interface Qualcomm QCA9377 802.11ac Wireless Adapter
10:35:56.692 [DEBUG] [org.gradle.messaging.remote.internal.inet.InetAddressFactory] Adding IP addresses for network interface WAN Miniport (Network Monitor)
10:35:56.695 [DEBUG] [org.gradle.messaging.remote.internal.inet.InetAddressFactory] Is this a loopback interface? false
10:35:56.699 [DEBUG] [org.gradle.messaging.remote.internal.inet.InetAddressFactory] Is this a multicast interface? true
10:35:56.701 [DEBUG] [org.gradle.messaging.remote.internal.inet.InetAddressFactory] Adding loopback multicast interface WAN Miniport (Network Monitor)
10:35:56.701 [DEBUG] [org.gradle.messaging.remote.internal.inet.InetAddressFactory] Adding IP addresses for network interface Microsoft Teredo Tunneling Adapter
10:35:56.704 [DEBUG] [org.gradle.messaging.remote.internal.inet.InetAddressFactory] Is this a loopback interface? false
10:35:56.708 [DEBUG] [org.gradle.messaging.remote.internal.inet.InetAddressFactory] Is this a multicast interface? true
10:35:56.708 [DEBUG] [org.gradle.messaging.remote.internal.inet.InetAddressFactory] Adding loopback multicast interface Microsoft Teredo Tunneling Adapter
10:35:56.708 [DEBUG] [org.gradle.messaging.remote.internal.inet.InetAddressFactory] Adding IP addresses for network interface WAN Miniport (IPv6)
10:35:56.712 [DEBUG] [org.gradle.messaging.remote.internal.inet.InetAddressFactory] Is this a loopback interface? false
10:35:56.715 [DEBUG] [org.gradle.messaging.remote.internal.inet.InetAddressFactory] Is this a multicast interface? true
10:35:56.715 [DEBUG] [org.gradle.messaging.remote.internal.inet.InetAddressFactory] Adding loopback multicast interface WAN Miniport (IPv6)
10:35:56.716 [DEBUG] [org.gradle.messaging.remote.internal.inet.InetAddressFactory] Adding IP addresses for network interface WAN Miniport (L2TP)
10:35:56.718 [DEBUG] [org.gradle.messaging.remote.internal.inet.InetAddressFactory] Is this a loopback interface? false
10:35:56.721 [DEBUG] [org.gradle.messaging.remote.internal.inet.InetAddressFactory] Is this a multicast interface? true
10:35:56.722 [DEBUG] [org.gradle.messaging.remote.internal.inet.InetAddressFactory] Adding loopback multicast interface WAN Miniport (L2TP)
10:35:56.722 [DEBUG] [org.gradle.messaging.remote.internal.inet.InetAddressFactory] Adding IP addresses for network interface Microsoft Wi-Fi Direct Virtual Adapter
10:35:56.726 [DEBUG] [org.gradle.messaging.remote.internal.inet.InetAddressFactory] Is this a loopback interface? false
10:35:56.728 [DEBUG] [org.gradle.messaging.remote.internal.inet.InetAddressFactory] Is this a multicast interface? true
10:35:56.728 [DEBUG] [org.gradle.messaging.remote.internal.inet.InetAddressFactory] Adding remote address /fe80:0:0:0:14ab:80b8:f844:dba6%wlan1
10:35:56.728 [DEBUG] [org.gradle.messaging.remote.internal.inet.InetAddressFactory] Adding remote multicast interface Microsoft Wi-Fi Direct Virtual Adapter
10:35:56.728 [DEBUG] [org.gradle.messaging.remote.internal.inet.InetAddressFactory] Adding IP addresses for network interface WAN Miniport (SSTP)
10:35:56.732 [DEBUG] [org.gradle.messaging.remote.internal.inet.InetAddressFactory] Is this a loopback interface? false
10:35:56.737 [DEBUG] [org.gradle.messaging.remote.internal.inet.InetAddressFactory] Is this a multicast interface? true
10:35:56.737 [DEBUG] [org.gradle.messaging.remote.internal.inet.InetAddressFactory] Adding loopback multicast interface WAN Miniport (SSTP)
10:35:56.738 [DEBUG] [org.gradle.messaging.remote.internal.inet.InetAddressFactory] Adding IP addresses for network interface Microsoft Wi-Fi Direct Virtual Adapter #2
10:35:56.742 [DEBUG] [org.gradle.messaging.remote.internal.inet.InetAddressFactory] Is this a loopback interface? false
10:35:56.746 [DEBUG] [org.gradle.messaging.remote.internal.inet.InetAddressFactory] Is this a multicast interface? true
10:35:56.746 [DEBUG] [org.gradle.messaging.remote.internal.inet.InetAddressFactory] Adding remote address /fe80:0:0:0:dc7d:3d07:f99:dc70%wlan2
10:35:56.746 [DEBUG] [org.gradle.messaging.remote.internal.inet.InetAddressFactory] Adding remote multicast interface Microsoft Wi-Fi Direct Virtual Adapter #2
10:35:56.746 [DEBUG] [org.gradle.messaging.remote.internal.inet.InetAddressFactory] Adding IP addresses for network interface WAN Miniport (PPTP)
10:35:56.749 [DEBUG] [org.gradle.messaging.remote.internal.inet.InetAddressFactory] Is this a loopback interface? false
10:35:56.753 [DEBUG] [org.gradle.messaging.remote.internal.inet.InetAddressFactory] Is this a multicast interface? true
10:35:56.754 [DEBUG] [org.gradle.messaging.remote.internal.inet.InetAddressFactory] Adding loopback multicast interface WAN Miniport (PPTP)
10:35:56.755 [DEBUG] [org.gradle.messaging.remote.internal.inet.InetAddressFactory] Adding IP addresses for network interface TAP-Windows Adapter V9 for OpenVPN Connect-WFP Native MAC Layer LightWeight Filter-0000
10:35:56.758 [DEBUG] [org.gradle.messaging.remote.internal.inet.InetAddressFactory] Is this a loopback interface? false
10:35:56.761 [DEBUG] [org.gradle.messaging.remote.internal.inet.InetAddressFactory] Is this a multicast interface? true
10:35:56.761 [DEBUG] [org.gradle.messaging.remote.internal.inet.InetAddressFactory] Adding loopback multicast interface TAP-Windows Adapter V9 for OpenVPN Connect-WFP Native MAC Layer LightWeight Filter-0000
10:35:56.762 [DEBUG] [org.gradle.messaging.remote.internal.inet.InetAddressFactory] Adding IP addresses for network interface Realtek PCIe GbE Family Controller-WFP Native MAC Layer LightWeight Filter-0000
10:35:56.765 [DEBUG] [org.gradle.messaging.remote.internal.inet.InetAddressFactory] Is this a loopback interface? false
10:35:56.770 [DEBUG] [org.gradle.messaging.remote.internal.inet.InetAddressFactory] Is this a multicast interface? true
10:35:56.770 [DEBUG] [org.gradle.messaging.remote.internal.inet.InetAddressFactory] Adding loopback multicast interface Realtek PCIe GbE Family Controller-WFP Native MAC Layer LightWeight Filter-0000
10:35:56.770 [DEBUG] [org.gradle.messaging.remote.internal.inet.InetAddressFactory] Adding IP addresses for network interface Realtek PCIe GbE Family Controller-QoS Packet Scheduler-0000
10:35:56.774 [DEBUG] [org.gradle.messaging.remote.internal.inet.InetAddressFactory] Is this a loopback interface? false
10:35:56.778 [DEBUG] [org.gradle.messaging.remote.internal.inet.InetAddressFactory] Is this a multicast interface? true
10:35:56.779 [DEBUG] [org.gradle.messaging.remote.internal.inet.InetAddressFactory] Adding loopback multicast interface Realtek PCIe GbE Family Controller-QoS Packet Scheduler-0000
10:35:56.779 [DEBUG] [org.gradle.messaging.remote.internal.inet.InetAddressFactory] Adding IP addresses for network interface Realtek PCIe GbE Family Controller-WFP 802.3 MAC Layer LightWeight Filter-0000
10:35:56.783 [DEBUG] [org.gradle.messaging.remote.internal.inet.InetAddressFactory] Is this a loopback interface? false
10:35:56.786 [DEBUG] [org.gradle.messaging.remote.internal.inet.InetAddressFactory] Is this a multicast interface? true
10:35:56.786 [DEBUG] [org.gradle.messaging.remote.internal.inet.InetAddressFactory] Adding loopback multicast interface Realtek PCIe GbE Family Controller-WFP 802.3 MAC Layer LightWeight Filter-0000
10:35:56.786 [DEBUG] [org.gradle.messaging.remote.internal.inet.InetAddressFactory] Adding IP addresses for network interface TAP-Windows Adapter V9 for OpenVPN Connect-QoS Packet Scheduler-0000
10:35:56.792 [DEBUG] [org.gradle.messaging.remote.internal.inet.InetAddressFactory] Is this a loopback interface? false
10:35:56.796 [DEBUG] [org.gradle.messaging.remote.internal.inet.InetAddressFactory] Is this a multicast interface? true
10:35:56.796 [DEBUG] [org.gradle.messaging.remote.internal.inet.InetAddressFactory] Adding loopback multicast interface TAP-Windows Adapter V9 for OpenVPN Connect-QoS Packet Scheduler-0000
10:35:56.796 [DEBUG] [org.gradle.messaging.remote.internal.inet.InetAddressFactory] Adding IP addresses for network interface TAP-Windows Adapter V9 for OpenVPN Connect-WFP 802.3 MAC Layer LightWeight Filter-0000
10:35:56.800 [DEBUG] [org.gradle.messaging.remote.internal.inet.InetAddressFactory] Is this a loopback interface? false
10:35:56.803 [DEBUG] [org.gradle.messaging.remote.internal.inet.InetAddressFactory] Is this a multicast interface? true
10:35:56.803 [DEBUG] [org.gradle.messaging.remote.internal.inet.InetAddressFactory] Adding loopback multicast interface TAP-Windows Adapter V9 for OpenVPN Connect-WFP 802.3 MAC Layer LightWeight Filter-0000
10:35:56.803 [DEBUG] [org.gradle.messaging.remote.internal.inet.InetAddressFactory] Adding IP addresses for network interface Qualcomm QCA9377 802.11ac Wireless Adapter-WFP Native MAC Layer LightWeight Filter-0000
10:35:56.806 [DEBUG] [org.gradle.messaging.remote.internal.inet.InetAddressFactory] Is this a loopback interface? false
10:35:56.808 [DEBUG] [org.gradle.messaging.remote.internal.inet.InetAddressFactory] Is this a multicast interface? true
10:35:56.808 [DEBUG] [org.gradle.messaging.remote.internal.inet.InetAddressFactory] Adding loopback multicast interface Qualcomm QCA9377 802.11ac Wireless Adapter-WFP Native MAC Layer LightWeight Filter-0000
10:35:56.808 [DEBUG] [org.gradle.messaging.remote.internal.inet.InetAddressFactory] Adding IP addresses for network interface Qualcomm QCA9377 802.11ac Wireless Adapter-Virtual WiFi Filter Driver-0000
10:35:56.811 [DEBUG] [org.gradle.messaging.remote.internal.inet.InetAddressFactory] Is this a loopback interface? false
10:35:56.814 [DEBUG] [org.gradle.messaging.remote.internal.inet.InetAddressFactory] Is this a multicast interface? true
10:35:56.814 [DEBUG] [org.gradle.messaging.remote.internal.inet.InetAddressFactory] Adding loopback multicast interface Qualcomm QCA9377 802.11ac Wireless Adapter-Virtual WiFi Filter Driver-0000
10:35:56.814 [DEBUG] [org.gradle.messaging.remote.internal.inet.InetAddressFactory] Adding IP addresses for network interface Qualcomm QCA9377 802.11ac Wireless Adapter-Native WiFi Filter Driver-0000
10:35:56.817 [DEBUG] [org.gradle.messaging.remote.internal.inet.InetAddressFactory] Is this a loopback interface? false
10:35:56.819 [DEBUG] [org.gradle.messaging.remote.internal.inet.InetAddressFactory] Is this a multicast interface? true
10:35:56.819 [DEBUG] [org.gradle.messaging.remote.internal.inet.InetAddressFactory] Adding loopback multicast interface Qualcomm QCA9377 802.11ac Wireless Adapter-Native WiFi Filter Driver-0000
10:35:56.819 [DEBUG] [org.gradle.messaging.remote.internal.inet.InetAddressFactory] Adding IP addresses for network interface Qualcomm QCA9377 802.11ac Wireless Adapter-QoS Packet Scheduler-0000
10:35:56.822 [DEBUG] [org.gradle.messaging.remote.internal.inet.InetAddressFactory] Is this a loopback interface? false
10:35:56.825 [DEBUG] [org.gradle.messaging.remote.internal.inet.InetAddressFactory] Is this a multicast interface? true
10:35:56.826 [DEBUG] [org.gradle.messaging.remote.internal.inet.InetAddressFactory] Adding loopback multicast interface Qualcomm QCA9377 802.11ac Wireless Adapter-QoS Packet Scheduler-0000
10:35:56.826 [DEBUG] [org.gradle.messaging.remote.internal.inet.InetAddressFactory] Adding IP addresses for network interface Qualcomm QCA9377 802.11ac Wireless Adapter-WFP 802.3 MAC Layer LightWeight Filter-0000
10:35:56.831 [DEBUG] [org.gradle.messaging.remote.internal.inet.InetAddressFactory] Is this a loopback interface? false
10:35:56.835 [DEBUG] [org.gradle.messaging.remote.internal.inet.InetAddressFactory] Is this a multicast interface? true
10:35:56.836 [DEBUG] [org.gradle.messaging.remote.internal.inet.InetAddressFactory] Adding loopback multicast interface Qualcomm QCA9377 802.11ac Wireless Adapter-WFP 802.3 MAC Layer LightWeight Filter-0000
10:35:56.836 [DEBUG] [org.gradle.messaging.remote.internal.inet.InetAddressFactory] Adding IP addresses for network interface Microsoft Wi-Fi Direct Virtual Adapter-WFP Native MAC Layer LightWeight Filter-0000
10:35:56.840 [DEBUG] [org.gradle.messaging.remote.internal.inet.InetAddressFactory] Is this a loopback interface? false
10:35:56.849 [DEBUG] [org.gradle.messaging.remote.internal.inet.InetAddressFactory] Is this a multicast interface? true
10:35:56.849 [DEBUG] [org.gradle.messaging.remote.internal.inet.InetAddressFactory] Adding loopback multicast interface Microsoft Wi-Fi Direct Virtual Adapter-WFP Native MAC Layer LightWeight Filter-0000
10:35:56.850 [DEBUG] [org.gradle.messaging.remote.internal.inet.InetAddressFactory] Adding IP addresses for network interface Microsoft Wi-Fi Direct Virtual Adapter-Native WiFi Filter Driver-0000
10:35:56.857 [DEBUG] [org.gradle.messaging.remote.internal.inet.InetAddressFactory] Is this a loopback interface? false
10:35:56.860 [DEBUG] [org.gradle.messaging.remote.internal.inet.InetAddressFactory] Is this a multicast interface? true
10:35:56.861 [DEBUG] [org.gradle.messaging.remote.internal.inet.InetAddressFactory] Adding loopback multicast interface Microsoft Wi-Fi Direct Virtual Adapter-Native WiFi Filter Driver-0000
10:35:56.861 [DEBUG] [org.gradle.messaging.remote.internal.inet.InetAddressFactory] Adding IP addresses for network interface Microsoft Wi-Fi Direct Virtual Adapter-QoS Packet Scheduler-0000
10:35:56.863 [DEBUG] [org.gradle.messaging.remote.internal.inet.InetAddressFactory] Is this a loopback interface? false
10:35:56.866 [DEBUG] [org.gradle.messaging.remote.internal.inet.InetAddressFactory] Is this a multicast interface? true
10:35:56.866 [DEBUG] [org.gradle.messaging.remote.internal.inet.InetAddressFactory] Adding loopback multicast interface Microsoft Wi-Fi Direct Virtual Adapter-QoS Packet Scheduler-0000
10:35:56.866 [DEBUG] [org.gradle.messaging.remote.internal.inet.InetAddressFactory] Adding IP addresses for network interface Microsoft Wi-Fi Direct Virtual Adapter-WFP 802.3 MAC Layer LightWeight Filter-0000
10:35:56.868 [DEBUG] [org.gradle.messaging.remote.internal.inet.InetAddressFactory] Is this a loopback interface? false
10:35:56.871 [DEBUG] [org.gradle.messaging.remote.internal.inet.InetAddressFactory] Is this a multicast interface? true
10:35:56.871 [DEBUG] [org.gradle.messaging.remote.internal.inet.InetAddressFactory] Adding loopback multicast interface Microsoft Wi-Fi Direct Virtual Adapter-WFP 802.3 MAC Layer LightWeight Filter-0000
10:35:56.871 [DEBUG] [org.gradle.messaging.remote.internal.inet.InetAddressFactory] Adding IP addresses for network interface WAN Miniport (IP)-WFP Native MAC Layer LightWeight Filter-0000
10:35:56.873 [DEBUG] [org.gradle.messaging.remote.internal.inet.InetAddressFactory] Is this a loopback interface? false
10:35:56.876 [DEBUG] [org.gradle.messaging.remote.internal.inet.InetAddressFactory] Is this a multicast interface? true
10:35:56.876 [DEBUG] [org.gradle.messaging.remote.internal.inet.InetAddressFactory] Adding loopback multicast interface WAN Miniport (IP)-WFP Native MAC Layer LightWeight Filter-0000
10:35:56.876 [DEBUG] [org.gradle.messaging.remote.internal.inet.InetAddressFactory] Adding IP addresses for network interface WAN Miniport (IP)-QoS Packet Scheduler-0000
10:35:56.880 [DEBUG] [org.gradle.messaging.remote.internal.inet.InetAddressFactory] Is this a loopback interface? false
10:35:56.882 [DEBUG] [org.gradle.messaging.remote.internal.inet.InetAddressFactory] Is this a multicast interface? true
10:35:56.882 [DEBUG] [org.gradle.messaging.remote.internal.inet.InetAddressFactory] Adding loopback multicast interface WAN Miniport (IP)-QoS Packet Scheduler-0000
10:35:56.882 [DEBUG] [org.gradle.messaging.remote.internal.inet.InetAddressFactory] Adding IP addresses for network interface WAN Miniport (IPv6)-WFP Native MAC Layer LightWeight Filter-0000
10:35:56.884 [DEBUG] [org.gradle.messaging.remote.internal.inet.InetAddressFactory] Is this a loopback interface? false
10:35:56.890 [DEBUG] [org.gradle.messaging.remote.internal.inet.InetAddressFactory] Is this a multicast interface? true
10:35:56.890 [DEBUG] [org.gradle.messaging.remote.internal.inet.InetAddressFactory] Adding loopback multicast interface WAN Miniport (IPv6)-WFP Native MAC Layer LightWeight Filter-0000
10:35:56.890 [DEBUG] [org.gradle.messaging.remote.internal.inet.InetAddressFactory] Adding IP addresses for network interface WAN Miniport (IPv6)-QoS Packet Scheduler-0000
10:35:56.894 [DEBUG] [org.gradle.messaging.remote.internal.inet.InetAddressFactory] Is this a loopback interface? false
10:35:56.897 [DEBUG] [org.gradle.messaging.remote.internal.inet.InetAddressFactory] Is this a multicast interface? true
10:35:56.898 [DEBUG] [org.gradle.messaging.remote.internal.inet.InetAddressFactory] Adding loopback multicast interface WAN Miniport (IPv6)-QoS Packet Scheduler-0000
10:35:56.898 [DEBUG] [org.gradle.messaging.remote.internal.inet.InetAddressFactory] Adding IP addresses for network interface WAN Miniport (Network Monitor)-WFP Native MAC Layer LightWeight Filter-0000
10:35:56.902 [DEBUG] [org.gradle.messaging.remote.internal.inet.InetAddressFactory] Is this a loopback interface? false
10:35:56.905 [DEBUG] [org.gradle.messaging.remote.internal.inet.InetAddressFactory] Is this a multicast interface? true
10:35:56.906 [DEBUG] [org.gradle.messaging.remote.internal.inet.InetAddressFactory] Adding loopback multicast interface WAN Miniport (Network Monitor)-WFP Native MAC Layer LightWeight Filter-0000
10:35:56.906 [DEBUG] [org.gradle.messaging.remote.internal.inet.InetAddressFactory] Adding IP addresses for network interface WAN Miniport (Network Monitor)-QoS Packet Scheduler-0000
10:35:56.909 [DEBUG] [org.gradle.messaging.remote.internal.inet.InetAddressFactory] Is this a loopback interface? false
10:35:56.912 [DEBUG] [org.gradle.messaging.remote.internal.inet.InetAddressFactory] Is this a multicast interface? true
10:35:56.912 [DEBUG] [org.gradle.messaging.remote.internal.inet.InetAddressFactory] Adding loopback multicast interface WAN Miniport (Network Monitor)-QoS Packet Scheduler-0000
10:35:56.913 [DEBUG] [org.gradle.messaging.remote.internal.inet.InetAddressFactory] Adding IP addresses for network interface Microsoft Wi-Fi Direct Virtual Adapter #2-WFP Native MAC Layer LightWeight Filter-0000
10:35:56.917 [DEBUG] [org.gradle.messaging.remote.internal.inet.InetAddressFactory] Is this a loopback interface? false
10:35:56.921 [DEBUG] [org.gradle.messaging.remote.internal.inet.InetAddressFactory] Is this a multicast interface? true
10:35:56.921 [DEBUG] [org.gradle.messaging.remote.internal.inet.InetAddressFactory] Adding loopback multicast interface Microsoft Wi-Fi Direct Virtual Adapter #2-WFP Native MAC Layer LightWeight Filter-0000
10:35:56.921 [DEBUG] [org.gradle.messaging.remote.internal.inet.InetAddressFactory] Adding IP addresses for network interface Microsoft Wi-Fi Direct Virtual Adapter #2-Native WiFi Filter Driver-0000
10:35:56.927 [DEBUG] [org.gradle.messaging.remote.internal.inet.InetAddressFactory] Is this a loopback interface? false
10:35:56.929 [DEBUG] [org.gradle.messaging.remote.internal.inet.InetAddressFactory] Is this a multicast interface? true
10:35:56.929 [DEBUG] [org.gradle.messaging.remote.internal.inet.InetAddressFactory] Adding loopback multicast interface Microsoft Wi-Fi Direct Virtual Adapter #2-Native WiFi Filter Driver-0000
10:35:56.929 [DEBUG] [org.gradle.messaging.remote.internal.inet.InetAddressFactory] Adding IP addresses for network interface Microsoft Wi-Fi Direct Virtual Adapter #2-QoS Packet Scheduler-0000
10:35:56.933 [DEBUG] [org.gradle.messaging.remote.internal.inet.InetAddressFactory] Is this a loopback interface? false
10:35:56.934 [DEBUG] [org.gradle.messaging.remote.internal.inet.InetAddressFactory] Is this a multicast interface? true
10:35:56.936 [DEBUG] [org.gradle.messaging.remote.internal.inet.InetAddressFactory] Adding loopback multicast interface Microsoft Wi-Fi Direct Virtual Adapter #2-QoS Packet Scheduler-0000
10:35:56.936 [DEBUG] [org.gradle.messaging.remote.internal.inet.InetAddressFactory] Adding IP addresses for network interface Microsoft Wi-Fi Direct Virtual Adapter #2-WFP 802.3 MAC Layer LightWeight Filter-0000
10:35:56.938 [DEBUG] [org.gradle.messaging.remote.internal.inet.InetAddressFactory] Is this a loopback interface? false
10:35:56.939 [DEBUG] [org.gradle.messaging.remote.internal.inet.InetAddressFactory] Is this a multicast interface? true
10:35:56.940 [DEBUG] [org.gradle.messaging.remote.internal.inet.InetAddressFactory] Adding loopback multicast interface Microsoft Wi-Fi Direct Virtual Adapter #2-WFP 802.3 MAC Layer LightWeight Filter-0000
10:35:57.369 [DEBUG] [org.gradle.messaging.remote.internal.inet.TcpIncomingConnector] Listening on [15b4d861-ce59-428f-a763-9ab93aea6674 port:54429, addresses:[/127.0.0.1, /0:0:0:0:0:0:0:1]].
10:35:57.374 [DEBUG] [org.gradle.launcher.daemon.server.Daemon] Daemon starting at: Wed Jul 13 10:35:57 IST 2022, with address: [15b4d861-ce59-428f-a763-9ab93aea6674 port:54429, addresses:[/127.0.0.1, /0:0:0:0:0:0:0:1]]
10:35:57.374 [INFO] [org.gradle.launcher.daemon.server.DomainRegistryUpdater] Advertising the daemon address to the clients: [15b4d861-ce59-428f-a763-9ab93aea6674 port:54429, addresses:[/127.0.0.1, /0:0:0:0:0:0:0:1]]
10:35:57.376 [DEBUG] [org.gradle.launcher.daemon.server.DomainRegistryUpdater] Advertised daemon context: DefaultDaemonContext[uid=3ee589dc-7565-44d0-a1d9-bae961dc961c,javaHome=D:\Softwares\Java 8,daemonRegistryDir=C:\Users\DELL\.gradle\daemon,pid=19324,idleTimeout=10800000,daemonOpts=-XX:MaxPermSize=256m,-XX:+HeapDumpOnOutOfMemoryError,-Xmx1024m,-Dfile.encoding=UTF-8,-Duser.country=IN,-Duser.language=en,-Duser.variant]
10:35:57.376 [DEBUG] [org.gradle.launcher.daemon.registry.PersistentDaemonRegistry] Storing daemon address: [15b4d861-ce59-428f-a763-9ab93aea6674 port:54429, addresses:[/127.0.0.1, /0:0:0:0:0:0:0:1]], context: DefaultDaemonContext[uid=3ee589dc-7565-44d0-a1d9-bae961dc961c,javaHome=D:\Softwares\Java 8,daemonRegistryDir=C:\Users\DELL\.gradle\daemon,pid=19324,idleTimeout=10800000,daemonOpts=-XX:MaxPermSize=256m,-XX:+HeapDumpOnOutOfMemoryError,-Xmx1024m,-Dfile.encoding=UTF-8,-Duser.country=IN,-Duser.language=en,-Duser.variant]
10:35:57.412 [DEBUG] [org.gradle.cache.internal.DefaultFileLockManager] Waiting to acquire exclusive lock on daemon addresses registry.
10:35:57.419 [DEBUG] [org.gradle.cache.internal.DefaultFileLockManager] Lock acquired.
10:35:57.424 [DEBUG] [org.gradle.cache.internal.DefaultFileLockManager] Releasing lock on daemon addresses registry.
10:35:57.441 [DEBUG] [org.gradle.cache.internal.DefaultFileLockManager] Waiting to acquire exclusive lock on daemon addresses registry.
10:35:57.442 [DEBUG] [org.gradle.cache.internal.DefaultFileLockManager] Lock acquired.
10:35:57.497 [DEBUG] [org.gradle.cache.internal.DefaultFileLockManager] Releasing lock on daemon addresses registry.
10:35:57.498 [LIFECYCLE] [org.gradle.launcher.daemon.server.Daemon] Daemon server started.
10:35:57.523 [DEBUG] [org.gradle.launcher.daemon.bootstrap.DaemonStartupCommunication] Completed writing the daemon greeting. Closing streams...
10:35:57.526 [DEBUG] [org.gradle.launcher.daemon.server.Daemon] requestStopOnIdleTimeout(10800000 MILLISECONDS) called on daemon
10:35:57.526 [DEBUG] [org.gradle.launcher.daemon.server.DaemonStateCoordinator] Idle timeout: waiting for daemon to stop or be idle for 10800000ms
10:35:57.526 [DEBUG] [org.gradle.launcher.daemon.server.DaemonStateCoordinator] Daemon is idle, sleeping until state change or idle timeout at Wed Jul 13 13:35:56 IST 2022
10:35:57.594 [DEBUG] [org.gradle.messaging.remote.internal.inet.TcpIncomingConnector] Accepted connection from /127.0.0.1:54431 to /127.0.0.1:54429.
10:35:57.800 [DEBUG] [org.gradle.launcher.daemon.server.SynchronizedDispatchConnection] thread 15: received class org.gradle.launcher.daemon.protocol.Build
10:35:57.801 [DEBUG] [org.gradle.launcher.daemon.server.DefaultDaemonConnection] Received non-IO message from client: Build{id=8c500006-017b-491e-96de-76cb8cc8e238.1, currentDir=D:\Softwares\Eclipse\eclipse}
10:35:57.802 [INFO] [org.gradle.launcher.daemon.server.DefaultIncomingConnectionHandler] Received command: Build{id=8c500006-017b-491e-96de-76cb8cc8e238.1, currentDir=D:\Softwares\Eclipse\eclipse}.
10:35:57.802 [DEBUG] [org.gradle.launcher.daemon.server.DefaultIncomingConnectionHandler] Starting executing command: Build{id=8c500006-017b-491e-96de-76cb8cc8e238.1, currentDir=D:\Softwares\Eclipse\eclipse} with connection: socket connection from /127.0.0.1:54429 to /127.0.0.1:54431.
10:35:57.812 [DEBUG] [org.gradle.launcher.daemon.server.DaemonStateCoordinator] Command execution: started DaemonCommandExecution[command = Build{id=8c500006-017b-491e-96de-76cb8cc8e238.1, currentDir=D:\Softwares\Eclipse\eclipse}, connection = org.gradle.launcher.daemon.server.DefaultDaemonConnection@3cdb8f6] after 0.0 minutes of idle
10:35:57.813 [INFO] [org.gradle.launcher.daemon.server.DomainRegistryUpdater] Marking the daemon as busy, address: [15b4d861-ce59-428f-a763-9ab93aea6674 port:54429, addresses:[/127.0.0.1, /0:0:0:0:0:0:0:1]]
10:35:57.813 [DEBUG] [org.gradle.launcher.daemon.registry.PersistentDaemonRegistry] Marking busy by address: [15b4d861-ce59-428f-a763-9ab93aea6674 port:54429, addresses:[/127.0.0.1, /0:0:0:0:0:0:0:1]]
10:35:57.815 [DEBUG] [org.gradle.cache.internal.DefaultFileLockManager] Waiting to acquire exclusive lock on daemon addresses registry.
10:35:57.816 [DEBUG] [org.gradle.cache.internal.DefaultFileLockManager] Lock acquired.
10:35:57.821 [DEBUG] [org.gradle.cache.internal.DefaultFileLockManager] Releasing lock on daemon addresses registry.
10:35:57.822 [DEBUG] [org.gradle.launcher.daemon.server.DaemonStateCoordinator] updating lastActivityAt to 1657688757822
10:35:57.822 [DEBUG] [org.gradle.launcher.daemon.server.DaemonStateCoordinator] Daemon is busy, sleeping until state changes.
10:35:57.824 [INFO] [org.gradle.launcher.daemon.server.exec.StartBuildOrRespondWithBusy] Daemon is about to start building Build{id=8c500006-017b-491e-96de-76cb8cc8e238.1, currentDir=D:\Softwares\Eclipse\eclipse}. Dispatching build started information...
10:35:57.825 [DEBUG] [org.gradle.launcher.daemon.server.SynchronizedDispatchConnection] thread 17: dispatching class org.gradle.launcher.daemon.protocol.BuildStarted
10:35:57.830 [DEBUG] [org.gradle.launcher.daemon.server.exec.EstablishBuildEnvironment] Configuring env variables: {USERDOMAIN_ROAMINGPROFILE=MANAV-S-PC, LOCALAPPDATA=C:\Users\DELL\AppData\Local, ChocolateyLastPathUpdate=132719615910247581, PROCESSOR_LEVEL=6, USERDOMAIN=MANAV-S-PC, FPS_BROWSER_APP_PROFILE_STRING=Internet Explorer, LOGONSERVER=\\MANAV-S-PC, SESSIONNAME=Console, ALLUSERSPROFILE=C:\ProgramData, PROCESSOR_ARCHITECTURE=AMD64, GRADLE_HOME=D:\Softwares\Gradle\gradle-2.7-bin\gradle-2.7, PSModulePath=C:\Program Files\WindowsPowerShell\Modules;C:\Windows\system32\WindowsPowerShell\v1.0\Modules, SystemDrive=C:, OneDrive=C:\Users\DELL\OneDrive, APPDATA=C:\Users\DELL\AppData\Roaming, USERNAME=DELL, ChocolateyInstall=C:\ProgramData\chocolatey, ProgramFiles(x86)=C:\Program Files (x86), CommonProgramFiles=C:\Program Files\Common Files, Path=C:/Users/DELL/.p2/pool/plugins/org.eclipse.justj.openjdk.hotspot.jre.full.win32.x86_64_18.0.1.v20220515-1614/jre/bin/server;C:/Users/DELL/.p2/pool/plugins/org.eclipse.justj.openjdk.hotspot.jre.full.win32.x86_64_18.0.1.v20220515-1614/jre/bin;C:\Program Files (x86)\Common Files\Oracle\Java\javapath;C:\Users\DELL\AppData\Local\Programs\Python\Python39\Scripts\;C:\Users\DELL\AppData\Local\Programs\Python\Python39\;C:\Windows\system32;C:\Windows;C:\Windows\System32\Wbem;C:\Windows\System32\WindowsPowerShell\v1.0\;C:\Windows\System32\OpenSSH\;C:\MinGW\bin;C:\Program Files\Git\cmd;C:\ProgramData\chocolatey\bin;C:\Program Files\nodejs\;D:\Softwares\MATLAB\bin;C:\Program Files\Cloudflare\Cloudflare WARP\;C:\Program Files\dotnet\;D:\Softwares\Java 8\bin;D:\Softwares\Gradle\gradle-2.7-bin\gradle-2.7\bin;C:\Users\DELL\AppData\Local\Microsoft\WindowsApps;C:\Users\DELL\AppData\Local\Programs\Microsoft VS Code\bin;C:\iverilog\bin;C:\iverilog\gtkwave\bin;C:\Users\DELL\AppData\Roaming\npm;D:\Softwares\Eclipse\eclipse;, FPS_BROWSER_USER_PROFILE_STRING=Default, PATHEXT=.COM;.EXE;.BAT;.CMD;.VBS;.VBE;.JS;.JSE;.WSF;.WSH;.MSC;.PY;.PYW, DriverData=C:\Windows\System32\Drivers\DriverData, OS=Windows_NT, OneDriveConsumer=C:\Users\DELL\OneDrive, COMPUTERNAME=MANAV-S-PC, PROCESSOR_REVISION=7e05, CommonProgramW6432=C:\Program Files\Common Files, ComSpec=C:\Windows\system32\cmd.exe, ProgramData=C:\ProgramData, ProgramW6432=C:\Program Files, HOMEPATH=\Users\DELL, SystemRoot=C:\Windows, TEMP=C:\Users\DELL\AppData\Local\Temp, HOMEDRIVE=C:, PROCESSOR_IDENTIFIER=Intel64 Family 6 Model 126 Stepping 5, GenuineIntel, USERPROFILE=C:\Users\DELL, TMP=C:\Users\DELL\AppData\Local\Temp, CommonProgramFiles(x86)=C:\Program Files (x86)\Common Files, ProgramFiles=C:\Program Files, PUBLIC=C:\Users\Public, NUMBER_OF_PROCESSORS=4, windir=C:\Windows, =::=::\, ZES_ENABLE_SYSMAN=1}
10:35:57.849 [DEBUG] [org.gradle.launcher.daemon.server.SynchronizedDispatchConnection] thread 15: received class org.gradle.launcher.daemon.protocol.CloseInput
10:35:57.849 [DEBUG] [org.gradle.launcher.daemon.server.DefaultDaemonConnection] Received IO message from client: org.gradle.launcher.daemon.protocol.CloseInput@3fb30604
10:35:57.856 [DEBUG] [org.gradle.launcher.daemon.server.exec.LogToClient] About to start relaying all logs to the client via the connection.
10:35:57.857 [INFO] [org.gradle.launcher.daemon.server.exec.LogToClient] The client will now receive all logging from the daemon (pid: 19324). The daemon log file: C:\Users\DELL\.gradle\daemon\2.7\daemon-19324.out.log
10:35:57.874 [INFO] [org.gradle.launcher.daemon.server.health.DaemonHealthTracker] Starting build in new daemon [memory: 954.7 MB]
10:35:57.875 [INFO] [org.gradle.launcher.daemon.server.exec.ForwardClientInput] Closing daemon's stdin at end of input.
10:35:57.875 [INFO] [org.gradle.launcher.daemon.server.exec.ForwardClientInput] The daemon will no longer process any standard input.
10:35:57.878 [DEBUG] [org.gradle.launcher.daemon.server.exec.ExecuteBuild] The daemon has started executing the build.
10:35:57.878 [INFO] [org.gradle.launcher.daemon.server.exec.ExecuteBuild] Executing build with daemon context: DefaultDaemonContext[uid=3ee589dc-7565-44d0-a1d9-bae961dc961c,javaHome=D:\Softwares\Java 8,daemonRegistryDir=C:\Users\DELL\.gradle\daemon,pid=19324,idleTimeout=10800000,daemonOpts=-XX:MaxPermSize=256m,-XX:+HeapDumpOnOutOfMemoryError,-Xmx1024m,-Dfile.encoding=UTF-8,-Duser.country=IN,-Duser.language=en,-Duser.variant]
10:35:59.136 [DEBUG] [org.gradle.internal.nativeintegration.services.NativeServices] Native-platform posix files is not available.  Continuing with fallback.

FAILURE: Build failed with an exception.

* What went wrong:
Build cancelled.

* Try:
Run with --stacktrace option to get the stack trace. Run with --info or --debug option to get more log output.

BUILD FAILED

Total time: 11.88 secs
10:36:04.982 [DEBUG] [org.gradle.cache.internal.DefaultFileLockManager] Releasing lock on cp_init class cache for initialization script 'D:\Softwares\Eclipse\.metadata\.plugins\org.eclipse.buildship.core\init.d\eclipsePlugin.gradle' (C:\Users\DELL\.gradle\caches\2.7\scripts\eclipsePlugin_1kywhb6fib9cjp6vwm5h2m0xh\cp_init).
10:36:04.997 [DEBUG] [org.gradle.cache.internal.DefaultFileLockManager] Releasing lock on init class cache for initialization script 'D:\Softwares\Eclipse\.metadata\.plugins\org.eclipse.buildship.core\init.d\eclipsePlugin.gradle' (C:\Users\DELL\.gradle\caches\2.7\scripts\eclipsePlugin_1kywhb6fib9cjp6vwm5h2m0xh\init).
10:36:05.003 [DEBUG] [org.gradle.cache.internal.DefaultCacheAccess] Cache Plugin Resolution Cache (C:\Users\DELL\.gradle\caches\2.7\plugin-resolution) was closed 0 times.
10:36:05.006 [DEBUG] [org.gradle.launcher.daemon.server.exec.ExecuteBuild] The daemon has finished executing the build.
10:36:05.276 [DEBUG] [org.gradle.launcher.daemon.server.DaemonStateCoordinator] Daemon is busy, sleeping until state changes.
10:36:05.277 [DEBUG] [org.gradle.launcher.daemon.server.DaemonStateCoordinator] Command execution: finished waiting for DaemonCommandExecution[command = Build{id=8c500006-017b-491e-96de-76cb8cc8e238.1, currentDir=D:\Softwares\Eclipse\eclipse}, connection = org.gradle.launcher.daemon.server.DefaultDaemonConnection@3cdb8f6]. Result org.gradle.launcher.daemon.server.DaemonStateCoordinator@41973b36 with state Running
10:36:05.279 [DEBUG] [org.gradle.launcher.daemon.server.DaemonStateCoordinator] Command execution: completed DaemonCommandExecution[command = Build{id=8c500006-017b-491e-96de-76cb8cc8e238.1, currentDir=D:\Softwares\Eclipse\eclipse}, connection = org.gradle.launcher.daemon.server.DefaultDaemonConnection@3cdb8f6]
10:36:05.280 [DEBUG] [org.gradle.launcher.daemon.server.DaemonStateCoordinator] updating lastActivityAt to 1657688765279
10:36:05.282 [INFO] [org.gradle.launcher.daemon.server.DomainRegistryUpdater] Marking the daemon as idle, address: [15b4d861-ce59-428f-a763-9ab93aea6674 port:54429, addresses:[/127.0.0.1, /0:0:0:0:0:0:0:1]]
10:36:05.283 [DEBUG] [org.gradle.launcher.daemon.registry.PersistentDaemonRegistry] Marking idle by address: [15b4d861-ce59-428f-a763-9ab93aea6674 port:54429, addresses:[/127.0.0.1, /0:0:0:0:0:0:0:1]]
10:36:05.298 [DEBUG] [org.gradle.cache.internal.DefaultFileLockManager] Waiting to acquire exclusive lock on daemon addresses registry.
10:36:05.300 [DEBUG] [org.gradle.cache.internal.DefaultFileLockManager] Lock acquired.
10:36:05.308 [DEBUG] [org.gradle.cache.internal.DefaultFileLockManager] Releasing lock on daemon addresses registry.
10:36:05.309 [DEBUG] [org.gradle.launcher.daemon.server.exec.ReturnResult] Daemon is dispatching the build result: Failure[value=org.gradle.initialization.ReportedException: org.gradle.internal.exceptions.LocationAwareException: Build cancelled.]
10:36:05.310 [DEBUG] [org.gradle.launcher.daemon.server.SynchronizedDispatchConnection] thread 14: dispatching class org.gradle.launcher.daemon.protocol.Failure
10:36:05.309 [DEBUG] [org.gradle.launcher.daemon.server.DaemonStateCoordinator] Cancel: daemon is idle now.
10:36:05.311 [DEBUG] [org.gradle.launcher.daemon.server.DaemonStateCoordinator] Daemon is idle, sleeping until state change or idle timeout at Wed Jul 13 13:36:05 IST 2022
10:36:05.368 [DEBUG] [org.gradle.launcher.daemon.server.DefaultIncomingConnectionHandler] Finishing executing command: Build{id=8c500006-017b-491e-96de-76cb8cc8e238.1, currentDir=D:\Softwares\Eclipse\eclipse}
10:36:05.385 [DEBUG] [org.gradle.launcher.daemon.server.SynchronizedDispatchConnection] thread 15: received class org.gradle.launcher.daemon.protocol.Finished
10:36:05.385 [DEBUG] [org.gradle.launcher.daemon.server.DefaultDaemonConnection] Received non-IO message from client: org.gradle.launcher.daemon.protocol.Finished@3644c545
10:36:05.386 [DEBUG] [org.gradle.messaging.remote.internal.inet.SocketConnection] Discarding EOFException: java.io.EOFException
10:36:05.387 [DEBUG] [org.gradle.launcher.daemon.server.SynchronizedDispatchConnection] thread 15: received null
10:36:05.387 [DEBUG] [org.gradle.launcher.daemon.server.DefaultDaemonConnection] Received end-of-input from client.
10:36:05.388 [DEBUG] [org.gradle.launcher.daemon.server.DefaultIncomingConnectionHandler] Received finished message: null
10:36:05.388 [DEBUG] [org.gradle.launcher.daemon.server.SynchronizedDispatchConnection] thread 14: stopping connection
10:36:05.394 [DEBUG] [org.gradle.launcher.daemon.server.SynchronizedDispatchConnection] thread 14: stopping connection
10:36:26.198 [DEBUG] [org.gradle.messaging.remote.internal.inet.TcpIncomingConnector] Accepted connection from /127.0.0.1:54450 to /127.0.0.1:54429.
10:36:26.211 [DEBUG] [org.gradle.launcher.daemon.server.SynchronizedDispatchConnection] thread 19: received class org.gradle.launcher.daemon.protocol.Build
10:36:26.211 [DEBUG] [org.gradle.launcher.daemon.server.DefaultDaemonConnection] Received non-IO message from client: Build{id=2b3ae608-90e1-4871-a397-5c232dbe503e.1, currentDir=D:\Softwares\Eclipse\eclipse}
10:36:26.213 [INFO] [org.gradle.launcher.daemon.server.DefaultIncomingConnectionHandler] Received command: Build{id=2b3ae608-90e1-4871-a397-5c232dbe503e.1, currentDir=D:\Softwares\Eclipse\eclipse}.
10:36:26.213 [DEBUG] [org.gradle.launcher.daemon.server.DefaultIncomingConnectionHandler] Starting executing command: Build{id=2b3ae608-90e1-4871-a397-5c232dbe503e.1, currentDir=D:\Softwares\Eclipse\eclipse} with connection: socket connection from /127.0.0.1:54429 to /127.0.0.1:54450.
10:36:26.214 [DEBUG] [org.gradle.launcher.daemon.server.DaemonStateCoordinator] Command execution: started DaemonCommandExecution[command = Build{id=2b3ae608-90e1-4871-a397-5c232dbe503e.1, currentDir=D:\Softwares\Eclipse\eclipse}, connection = org.gradle.launcher.daemon.server.DefaultDaemonConnection@62979f53] after 0.0 minutes of idle
10:36:26.214 [INFO] [org.gradle.launcher.daemon.server.DomainRegistryUpdater] Marking the daemon as busy, address: [15b4d861-ce59-428f-a763-9ab93aea6674 port:54429, addresses:[/127.0.0.1, /0:0:0:0:0:0:0:1]]
10:36:26.215 [DEBUG] [org.gradle.launcher.daemon.registry.PersistentDaemonRegistry] Marking busy by address: [15b4d861-ce59-428f-a763-9ab93aea6674 port:54429, addresses:[/127.0.0.1, /0:0:0:0:0:0:0:1]]
10:36:26.215 [DEBUG] [org.gradle.cache.internal.DefaultFileLockManager] Waiting to acquire exclusive lock on daemon addresses registry.
10:36:26.216 [DEBUG] [org.gradle.cache.internal.DefaultFileLockManager] Lock acquired.
10:36:26.221 [DEBUG] [org.gradle.cache.internal.DefaultFileLockManager] Releasing lock on daemon addresses registry.
10:36:26.221 [DEBUG] [org.gradle.launcher.daemon.server.DaemonStateCoordinator] updating lastActivityAt to 1657688786221
10:36:26.222 [DEBUG] [org.gradle.launcher.daemon.server.DaemonStateCoordinator] Daemon is busy, sleeping until state changes.
10:36:26.222 [INFO] [org.gradle.launcher.daemon.server.exec.StartBuildOrRespondWithBusy] Daemon is about to start building Build{id=2b3ae608-90e1-4871-a397-5c232dbe503e.1, currentDir=D:\Softwares\Eclipse\eclipse}. Dispatching build started information...
10:36:26.222 [DEBUG] [org.gradle.launcher.daemon.server.SynchronizedDispatchConnection] thread 17: dispatching class org.gradle.launcher.daemon.protocol.BuildStarted
10:36:26.229 [DEBUG] [org.gradle.launcher.daemon.server.exec.EstablishBuildEnvironment] Configuring env variables: {USERDOMAIN_ROAMINGPROFILE=MANAV-S-PC, LOCALAPPDATA=C:\Users\DELL\AppData\Local, ChocolateyLastPathUpdate=132719615910247581, PROCESSOR_LEVEL=6, USERDOMAIN=MANAV-S-PC, FPS_BROWSER_APP_PROFILE_STRING=Internet Explorer, LOGONSERVER=\\MANAV-S-PC, SESSIONNAME=Console, ALLUSERSPROFILE=C:\ProgramData, PROCESSOR_ARCHITECTURE=AMD64, GRADLE_HOME=D:\Softwares\Gradle\gradle-2.7-bin\gradle-2.7, PSModulePath=C:\Program Files\WindowsPowerShell\Modules;C:\Windows\system32\WindowsPowerShell\v1.0\Modules, SystemDrive=C:, OneDrive=C:\Users\DELL\OneDrive, APPDATA=C:\Users\DELL\AppData\Roaming, USERNAME=DELL, ChocolateyInstall=C:\ProgramData\chocolatey, ProgramFiles(x86)=C:\Program Files (x86), CommonProgramFiles=C:\Program Files\Common Files, Path=C:/Users/DELL/.p2/pool/plugins/org.eclipse.justj.openjdk.hotspot.jre.full.win32.x86_64_18.0.1.v20220515-1614/jre/bin/server;C:/Users/DELL/.p2/pool/plugins/org.eclipse.justj.openjdk.hotspot.jre.full.win32.x86_64_18.0.1.v20220515-1614/jre/bin;C:\Program Files (x86)\Common Files\Oracle\Java\javapath;C:\Users\DELL\AppData\Local\Programs\Python\Python39\Scripts\;C:\Users\DELL\AppData\Local\Programs\Python\Python39\;C:\Windows\system32;C:\Windows;C:\Windows\System32\Wbem;C:\Windows\System32\WindowsPowerShell\v1.0\;C:\Windows\System32\OpenSSH\;C:\MinGW\bin;C:\Program Files\Git\cmd;C:\ProgramData\chocolatey\bin;C:\Program Files\nodejs\;D:\Softwares\MATLAB\bin;C:\Program Files\Cloudflare\Cloudflare WARP\;C:\Program Files\dotnet\;D:\Softwares\Java 8\bin;D:\Softwares\Gradle\gradle-2.7-bin\gradle-2.7\bin;C:\Users\DELL\AppData\Local\Microsoft\WindowsApps;C:\Users\DELL\AppData\Local\Programs\Microsoft VS Code\bin;C:\iverilog\bin;C:\iverilog\gtkwave\bin;C:\Users\DELL\AppData\Roaming\npm;D:\Softwares\Eclipse\eclipse;, FPS_BROWSER_USER_PROFILE_STRING=Default, PATHEXT=.COM;.EXE;.BAT;.CMD;.VBS;.VBE;.JS;.JSE;.WSF;.WSH;.MSC;.PY;.PYW, DriverData=C:\Windows\System32\Drivers\DriverData, OS=Windows_NT, OneDriveConsumer=C:\Users\DELL\OneDrive, COMPUTERNAME=MANAV-S-PC, PROCESSOR_REVISION=7e05, CommonProgramW6432=C:\Program Files\Common Files, ComSpec=C:\Windows\system32\cmd.exe, ProgramData=C:\ProgramData, ProgramW6432=C:\Program Files, HOMEPATH=\Users\DELL, SystemRoot=C:\Windows, TEMP=C:\Users\DELL\AppData\Local\Temp, HOMEDRIVE=C:, PROCESSOR_IDENTIFIER=Intel64 Family 6 Model 126 Stepping 5, GenuineIntel, USERPROFILE=C:\Users\DELL, TMP=C:\Users\DELL\AppData\Local\Temp, CommonProgramFiles(x86)=C:\Program Files (x86)\Common Files, ProgramFiles=C:\Program Files, PUBLIC=C:\Users\Public, NUMBER_OF_PROCESSORS=4, windir=C:\Windows, =::=::\, ZES_ENABLE_SYSMAN=1}
10:36:26.232 [DEBUG] [org.gradle.launcher.daemon.server.exec.LogToClient] About to start relaying all logs to the client via the connection.
10:36:26.233 [INFO] [org.gradle.launcher.daemon.server.exec.LogToClient] The client will now receive all logging from the daemon (pid: 19324). The daemon log file: C:\Users\DELL\.gradle\daemon\2.7\daemon-19324.out.log
10:36:26.234 [INFO] [org.gradle.launcher.daemon.server.health.DaemonHealthTracker] Starting 2nd build in daemon [uptime: 29.893 secs, performance: 98%, memory: 18% of 954.7 MB]
10:36:26.234 [DEBUG] [org.gradle.launcher.daemon.server.exec.ExecuteBuild] The daemon has started executing the build.
10:36:26.235 [INFO] [org.gradle.launcher.daemon.server.exec.ExecuteBuild] Executing build with daemon context: DefaultDaemonContext[uid=3ee589dc-7565-44d0-a1d9-bae961dc961c,javaHome=D:\Softwares\Java 8,daemonRegistryDir=C:\Users\DELL\.gradle\daemon,pid=19324,idleTimeout=10800000,daemonOpts=-XX:MaxPermSize=256m,-XX:+HeapDumpOnOutOfMemoryError,-Xmx1024m,-Dfile.encoding=UTF-8,-Duser.country=IN,-Duser.language=en,-Duser.variant]
10:36:26.242 [DEBUG] [org.gradle.launcher.daemon.server.SynchronizedDispatchConnection] thread 19: received class org.gradle.launcher.daemon.protocol.CloseInput
10:36:26.242 [DEBUG] [org.gradle.launcher.daemon.server.DefaultDaemonConnection] Received IO message from client: org.gradle.launcher.daemon.protocol.CloseInput@778259eb
:wrapper
:init

BUILD SUCCESSFUL

Total time: 1.931 secs
10:36:28.150 [DEBUG] [org.gradle.cache.internal.DefaultFileLockManager] Releasing lock on cp_init class cache for initialization script 'D:\Softwares\Eclipse\.metadata\.plugins\org.eclipse.buildship.core\init.d\eclipsePlugin.gradle' (C:\Users\DELL\.gradle\caches\2.7\scripts\eclipsePlugin_1kywhb6fib9cjp6vwm5h2m0xh\cp_init).
10:36:28.150 [DEBUG] [org.gradle.cache.internal.DefaultFileLockManager] Releasing lock on init class cache for initialization script 'D:\Softwares\Eclipse\.metadata\.plugins\org.eclipse.buildship.core\init.d\eclipsePlugin.gradle' (C:\Users\DELL\.gradle\caches\2.7\scripts\eclipsePlugin_1kywhb6fib9cjp6vwm5h2m0xh\init).
10:36:28.160 [DEBUG] [org.gradle.cache.internal.btree.BTreePersistentIndexedCache] Closing cache fileHashes.bin (D:\Softwares\Eclipse\Demo\.gradle\2.7\taskArtifacts\fileHashes.bin)
10:36:28.165 [DEBUG] [org.gradle.cache.internal.btree.BTreePersistentIndexedCache] Closing cache taskArtifacts.bin (D:\Softwares\Eclipse\Demo\.gradle\2.7\taskArtifacts\taskArtifacts.bin)
10:36:28.166 [DEBUG] [org.gradle.cache.internal.btree.BTreePersistentIndexedCache] Closing cache fileSnapshots.bin (D:\Softwares\Eclipse\Demo\.gradle\2.7\taskArtifacts\fileSnapshots.bin)
10:36:28.168 [DEBUG] [org.gradle.cache.internal.btree.BTreePersistentIndexedCache] Closing cache outputFileStates.bin (D:\Softwares\Eclipse\Demo\.gradle\2.7\taskArtifacts\outputFileStates.bin)
10:36:28.168 [DEBUG] [org.gradle.cache.internal.DefaultFileLockManager] Releasing lock on task history cache (D:\Softwares\Eclipse\Demo\.gradle\2.7\taskArtifacts).
10:36:28.169 [DEBUG] [org.gradle.cache.internal.DefaultCacheAccess] Cache Plugin Resolution Cache (C:\Users\DELL\.gradle\caches\2.7\plugin-resolution) was closed 0 times.
10:36:28.170 [DEBUG] [org.gradle.cache.internal.DefaultCacheAccess] Cache jars (C:\Users\DELL\.gradle\caches\jars-1) was closed 0 times.
10:36:28.170 [DEBUG] [org.gradle.launcher.daemon.server.exec.ExecuteBuild] The daemon has finished executing the build.
10:36:28.172 [DEBUG] [org.gradle.launcher.daemon.server.DaemonStateCoordinator] Command execution: finished waiting for DaemonCommandExecution[command = Build{id=2b3ae608-90e1-4871-a397-5c232dbe503e.1, currentDir=D:\Softwares\Eclipse\eclipse}, connection = org.gradle.launcher.daemon.server.DefaultDaemonConnection@62979f53]. Result org.gradle.launcher.daemon.server.DaemonStateCoordinator@41973b36 with state Running
10:36:28.173 [DEBUG] [org.gradle.launcher.daemon.server.DaemonStateCoordinator] Command execution: completed DaemonCommandExecution[command = Build{id=2b3ae608-90e1-4871-a397-5c232dbe503e.1, currentDir=D:\Softwares\Eclipse\eclipse}, connection = org.gradle.launcher.daemon.server.DefaultDaemonConnection@62979f53]
10:36:28.173 [DEBUG] [org.gradle.launcher.daemon.server.DaemonStateCoordinator] updating lastActivityAt to 1657688788173
10:36:28.173 [INFO] [org.gradle.launcher.daemon.server.DomainRegistryUpdater] Marking the daemon as idle, address: [15b4d861-ce59-428f-a763-9ab93aea6674 port:54429, addresses:[/127.0.0.1, /0:0:0:0:0:0:0:1]]
10:36:28.173 [DEBUG] [org.gradle.launcher.daemon.registry.PersistentDaemonRegistry] Marking idle by address: [15b4d861-ce59-428f-a763-9ab93aea6674 port:54429, addresses:[/127.0.0.1, /0:0:0:0:0:0:0:1]]
10:36:28.181 [DEBUG] [org.gradle.cache.internal.DefaultFileLockManager] Waiting to acquire exclusive lock on daemon addresses registry.
10:36:28.182 [DEBUG] [org.gradle.cache.internal.DefaultFileLockManager] Lock acquired.
10:36:28.194 [DEBUG] [org.gradle.cache.internal.DefaultFileLockManager] Releasing lock on daemon addresses registry.
10:36:28.194 [DEBUG] [org.gradle.launcher.daemon.server.exec.ReturnResult] Daemon is dispatching the build result: Success[value=org.gradle.tooling.internal.provider.BuildActionResult@5d14985d]
10:36:28.195 [DEBUG] [org.gradle.launcher.daemon.server.SynchronizedDispatchConnection] thread 14: dispatching class org.gradle.launcher.daemon.protocol.Success
10:36:28.206 [DEBUG] [org.gradle.launcher.daemon.server.SynchronizedDispatchConnection] thread 19: received class org.gradle.launcher.daemon.protocol.Finished
10:36:28.206 [DEBUG] [org.gradle.launcher.daemon.server.DefaultDaemonConnection] Received non-IO message from client: org.gradle.launcher.daemon.protocol.Finished@7945a96b
10:36:28.207 [DEBUG] [org.gradle.messaging.remote.internal.inet.SocketConnection] Discarding EOFException: java.io.EOFException
10:36:28.207 [DEBUG] [org.gradle.launcher.daemon.server.SynchronizedDispatchConnection] thread 19: received null
10:36:28.207 [DEBUG] [org.gradle.launcher.daemon.server.DefaultDaemonConnection] Received end-of-input from client.
10:36:28.212 [DEBUG] [org.gradle.launcher.daemon.server.DaemonStateCoordinator] Daemon is idle, sleeping until state change or idle timeout at Wed Jul 13 13:36:28 IST 2022
10:36:28.217 [DEBUG] [org.gradle.launcher.daemon.server.DefaultIncomingConnectionHandler] Finishing executing command: Build{id=2b3ae608-90e1-4871-a397-5c232dbe503e.1, currentDir=D:\Softwares\Eclipse\eclipse}
10:36:28.217 [DEBUG] [org.gradle.launcher.daemon.server.DefaultIncomingConnectionHandler] Received finished message: null
10:36:28.217 [DEBUG] [org.gradle.launcher.daemon.server.SynchronizedDispatchConnection] thread 14: stopping connection
10:36:28.218 [DEBUG] [org.gradle.launcher.daemon.server.SynchronizedDispatchConnection] thread 14: stopping connection
10:36:28.308 [DEBUG] [org.gradle.messaging.remote.internal.inet.TcpIncomingConnector] Accepted connection from /127.0.0.1:54460 to /127.0.0.1:54429.
10:36:28.381 [DEBUG] [org.gradle.launcher.daemon.server.SynchronizedDispatchConnection] thread 23: received class org.gradle.launcher.daemon.protocol.Build
10:36:28.384 [DEBUG] [org.gradle.launcher.daemon.server.DefaultDaemonConnection] Received non-IO message from client: Build{id=1546a44d-ff17-494c-92d3-67ead6a25c77.1, currentDir=D:\Softwares\Eclipse\eclipse}
10:36:28.384 [INFO] [org.gradle.launcher.daemon.server.DefaultIncomingConnectionHandler] Received command: Build{id=1546a44d-ff17-494c-92d3-67ead6a25c77.1, currentDir=D:\Softwares\Eclipse\eclipse}.
10:36:28.386 [DEBUG] [org.gradle.launcher.daemon.server.DefaultIncomingConnectionHandler] Starting executing command: Build{id=1546a44d-ff17-494c-92d3-67ead6a25c77.1, currentDir=D:\Softwares\Eclipse\eclipse} with connection: socket connection from /127.0.0.1:54429 to /127.0.0.1:54460.
10:36:28.387 [DEBUG] [org.gradle.launcher.daemon.server.DaemonStateCoordinator] Command execution: started DaemonCommandExecution[command = Build{id=1546a44d-ff17-494c-92d3-67ead6a25c77.1, currentDir=D:\Softwares\Eclipse\eclipse}, connection = org.gradle.launcher.daemon.server.DefaultDaemonConnection@d7c54dd] after 0.0 minutes of idle
10:36:28.387 [INFO] [org.gradle.launcher.daemon.server.DomainRegistryUpdater] Marking the daemon as busy, address: [15b4d861-ce59-428f-a763-9ab93aea6674 port:54429, addresses:[/127.0.0.1, /0:0:0:0:0:0:0:1]]
10:36:28.388 [DEBUG] [org.gradle.launcher.daemon.registry.PersistentDaemonRegistry] Marking busy by address: [15b4d861-ce59-428f-a763-9ab93aea6674 port:54429, addresses:[/127.0.0.1, /0:0:0:0:0:0:0:1]]
10:36:28.389 [DEBUG] [org.gradle.cache.internal.DefaultFileLockManager] Waiting to acquire exclusive lock on daemon addresses registry.
10:36:28.389 [DEBUG] [org.gradle.cache.internal.DefaultFileLockManager] Lock acquired.
10:36:28.392 [DEBUG] [org.gradle.cache.internal.DefaultFileLockManager] Releasing lock on daemon addresses registry.
10:36:28.392 [DEBUG] [org.gradle.launcher.daemon.server.DaemonStateCoordinator] updating lastActivityAt to 1657688788392
10:36:28.393 [DEBUG] [org.gradle.launcher.daemon.server.DaemonStateCoordinator] Daemon is busy, sleeping until state changes.
10:36:28.393 [INFO] [org.gradle.launcher.daemon.server.exec.StartBuildOrRespondWithBusy] Daemon is about to start building Build{id=1546a44d-ff17-494c-92d3-67ead6a25c77.1, currentDir=D:\Softwares\Eclipse\eclipse}. Dispatching build started information...
10:36:28.393 [DEBUG] [org.gradle.launcher.daemon.server.SynchronizedDispatchConnection] thread 17: dispatching class org.gradle.launcher.daemon.protocol.BuildStarted
10:36:28.394 [DEBUG] [org.gradle.launcher.daemon.server.exec.EstablishBuildEnvironment] Configuring env variables: {USERDOMAIN_ROAMINGPROFILE=MANAV-S-PC, LOCALAPPDATA=C:\Users\DELL\AppData\Local, ChocolateyLastPathUpdate=132719615910247581, PROCESSOR_LEVEL=6, USERDOMAIN=MANAV-S-PC, FPS_BROWSER_APP_PROFILE_STRING=Internet Explorer, LOGONSERVER=\\MANAV-S-PC, SESSIONNAME=Console, ALLUSERSPROFILE=C:\ProgramData, PROCESSOR_ARCHITECTURE=AMD64, GRADLE_HOME=D:\Softwares\Gradle\gradle-2.7-bin\gradle-2.7, PSModulePath=C:\Program Files\WindowsPowerShell\Modules;C:\Windows\system32\WindowsPowerShell\v1.0\Modules, SystemDrive=C:, OneDrive=C:\Users\DELL\OneDrive, APPDATA=C:\Users\DELL\AppData\Roaming, USERNAME=DELL, ChocolateyInstall=C:\ProgramData\chocolatey, ProgramFiles(x86)=C:\Program Files (x86), CommonProgramFiles=C:\Program Files\Common Files, Path=C:/Users/DELL/.p2/pool/plugins/org.eclipse.justj.openjdk.hotspot.jre.full.win32.x86_64_18.0.1.v20220515-1614/jre/bin/server;C:/Users/DELL/.p2/pool/plugins/org.eclipse.justj.openjdk.hotspot.jre.full.win32.x86_64_18.0.1.v20220515-1614/jre/bin;C:\Program Files (x86)\Common Files\Oracle\Java\javapath;C:\Users\DELL\AppData\Local\Programs\Python\Python39\Scripts\;C:\Users\DELL\AppData\Local\Programs\Python\Python39\;C:\Windows\system32;C:\Windows;C:\Windows\System32\Wbem;C:\Windows\System32\WindowsPowerShell\v1.0\;C:\Windows\System32\OpenSSH\;C:\MinGW\bin;C:\Program Files\Git\cmd;C:\ProgramData\chocolatey\bin;C:\Program Files\nodejs\;D:\Softwares\MATLAB\bin;C:\Program Files\Cloudflare\Cloudflare WARP\;C:\Program Files\dotnet\;D:\Softwares\Java 8\bin;D:\Softwares\Gradle\gradle-2.7-bin\gradle-2.7\bin;C:\Users\DELL\AppData\Local\Microsoft\WindowsApps;C:\Users\DELL\AppData\Local\Programs\Microsoft VS Code\bin;C:\iverilog\bin;C:\iverilog\gtkwave\bin;C:\Users\DELL\AppData\Roaming\npm;D:\Softwares\Eclipse\eclipse;, FPS_BROWSER_USER_PROFILE_STRING=Default, PATHEXT=.COM;.EXE;.BAT;.CMD;.VBS;.VBE;.JS;.JSE;.WSF;.WSH;.MSC;.PY;.PYW, DriverData=C:\Windows\System32\Drivers\DriverData, OS=Windows_NT, OneDriveConsumer=C:\Users\DELL\OneDrive, COMPUTERNAME=MANAV-S-PC, PROCESSOR_REVISION=7e05, CommonProgramW6432=C:\Program Files\Common Files, ComSpec=C:\Windows\system32\cmd.exe, ProgramData=C:\ProgramData, ProgramW6432=C:\Program Files, HOMEPATH=\Users\DELL, SystemRoot=C:\Windows, TEMP=C:\Users\DELL\AppData\Local\Temp, HOMEDRIVE=C:, PROCESSOR_IDENTIFIER=Intel64 Family 6 Model 126 Stepping 5, GenuineIntel, USERPROFILE=C:\Users\DELL, TMP=C:\Users\DELL\AppData\Local\Temp, CommonProgramFiles(x86)=C:\Program Files (x86)\Common Files, ProgramFiles=C:\Program Files, PUBLIC=C:\Users\Public, NUMBER_OF_PROCESSORS=4, windir=C:\Windows, =::=::\, ZES_ENABLE_SYSMAN=1}
10:36:28.397 [DEBUG] [org.gradle.launcher.daemon.server.exec.LogToClient] About to start relaying all logs to the client via the connection.
10:36:28.397 [INFO] [org.gradle.launcher.daemon.server.exec.LogToClient] The client will now receive all logging from the daemon (pid: 19324). The daemon log file: C:\Users\DELL\.gradle\daemon\2.7\daemon-19324.out.log
10:36:28.397 [INFO] [org.gradle.launcher.daemon.server.health.DaemonHealthTracker] Starting 3rd build in daemon [uptime: 32.057 secs, performance: 97%, memory: 18% of 954.7 MB]
10:36:28.398 [DEBUG] [org.gradle.launcher.daemon.server.exec.ExecuteBuild] The daemon has started executing the build.
10:36:28.398 [INFO] [org.gradle.launcher.daemon.server.exec.ExecuteBuild] Executing build with daemon context: DefaultDaemonContext[uid=3ee589dc-7565-44d0-a1d9-bae961dc961c,javaHome=D:\Softwares\Java 8,daemonRegistryDir=C:\Users\DELL\.gradle\daemon,pid=19324,idleTimeout=10800000,daemonOpts=-XX:MaxPermSize=256m,-XX:+HeapDumpOnOutOfMemoryError,-Xmx1024m,-Dfile.encoding=UTF-8,-Duser.country=IN,-Duser.language=en,-Duser.variant]

BUILD SUCCESSFUL

Total time: 3.566 secs
10:36:31.874 [DEBUG] [org.gradle.api.internal.tasks.compile.daemon.CompilerDaemonManager] Stopping 0 compiler daemon(s).
10:36:31.875 [INFO] [org.gradle.api.internal.tasks.compile.daemon.CompilerDaemonManager] Stopped 0 compiler daemon(s).
10:36:31.875 [DEBUG] [org.gradle.cache.internal.DefaultFileLockManager] Releasing lock on cp_init class cache for initialization script 'D:\Softwares\Eclipse\.metadata\.plugins\org.eclipse.buildship.core\init.d\eclipsePlugin.gradle' (C:\Users\DELL\.gradle\caches\2.7\scripts\eclipsePlugin_1kywhb6fib9cjp6vwm5h2m0xh\cp_init).
10:36:31.875 [DEBUG] [org.gradle.cache.internal.DefaultFileLockManager] Releasing lock on init class cache for initialization script 'D:\Softwares\Eclipse\.metadata\.plugins\org.eclipse.buildship.core\init.d\eclipsePlugin.gradle' (C:\Users\DELL\.gradle\caches\2.7\scripts\eclipsePlugin_1kywhb6fib9cjp6vwm5h2m0xh\init).
10:36:31.875 [DEBUG] [org.gradle.cache.internal.DefaultFileLockManager] Releasing lock on cp_settings class cache for settings file 'D:\Softwares\Eclipse\Demo\settings.gradle' (C:\Users\DELL\.gradle\caches\2.7\scripts\settings_1g0tfj7xkx88fms9izug861yu\cp_settings).
10:36:31.876 [DEBUG] [org.gradle.cache.internal.DefaultFileLockManager] Releasing lock on settings class cache for settings file 'D:\Softwares\Eclipse\Demo\settings.gradle' (C:\Users\DELL\.gradle\caches\2.7\scripts\settings_1g0tfj7xkx88fms9izug861yu\settings).
10:36:31.876 [DEBUG] [org.gradle.cache.internal.DefaultFileLockManager] Releasing lock on cp_proj class cache for build file 'D:\Softwares\Eclipse\Demo\build.gradle' (C:\Users\DELL\.gradle\caches\2.7\scripts\build_9zxuu5mj8qh3dmgrbropa7hg8\cp_proj).
10:36:31.876 [DEBUG] [org.gradle.cache.internal.DefaultFileLockManager] Releasing lock on proj class cache for build file 'D:\Softwares\Eclipse\Demo\build.gradle' (C:\Users\DELL\.gradle\caches\2.7\scripts\build_9zxuu5mj8qh3dmgrbropa7hg8\proj).
10:36:31.877 [DEBUG] [org.gradle.cache.internal.DefaultCacheAccess] Cache artifact cache (C:\Users\DELL\.gradle\caches\modules-2) was closed 0 times.
10:36:31.877 [DEBUG] [org.gradle.cache.internal.DefaultCacheAccess] Cache jars (C:\Users\DELL\.gradle\caches\jars-1) was closed 0 times.
10:36:31.877 [DEBUG] [org.gradle.cache.internal.DefaultCacheAccess] Cache Plugin Resolution Cache (C:\Users\DELL\.gradle\caches\2.7\plugin-resolution) was closed 0 times.
10:36:31.878 [DEBUG] [org.gradle.api.internal.artifacts.ivyservice.ivyresolve.memcache.InMemoryCachedRepositoryFactory] In-memory dependency metadata cache closed. Repos cached: 0, cache instances: 0, modules served from cache: 0, artifacts: 0
10:36:31.878 [DEBUG] [org.gradle.api.internal.artifacts.ivyservice.resolveengine.store.ResolutionResultsStoreFactory] Deleted 0 resolution results binary files in 0.0 secs
10:36:31.878 [DEBUG] [org.gradle.launcher.daemon.server.exec.ExecuteBuild] The daemon has finished executing the build.
10:36:31.880 [DEBUG] [org.gradle.launcher.daemon.server.DaemonStateCoordinator] Command execution: finished waiting for DaemonCommandExecution[command = Build{id=1546a44d-ff17-494c-92d3-67ead6a25c77.1, currentDir=D:\Softwares\Eclipse\eclipse}, connection = org.gradle.launcher.daemon.server.DefaultDaemonConnection@d7c54dd]. Result org.gradle.launcher.daemon.server.DaemonStateCoordinator@41973b36 with state Running
10:36:31.881 [DEBUG] [org.gradle.launcher.daemon.server.DaemonStateCoordinator] Command execution: completed DaemonCommandExecution[command = Build{id=1546a44d-ff17-494c-92d3-67ead6a25c77.1, currentDir=D:\Softwares\Eclipse\eclipse}, connection = org.gradle.launcher.daemon.server.DefaultDaemonConnection@d7c54dd]
10:36:31.881 [DEBUG] [org.gradle.launcher.daemon.server.DaemonStateCoordinator] updating lastActivityAt to 1657688791881
10:36:31.882 [INFO] [org.gradle.launcher.daemon.server.DomainRegistryUpdater] Marking the daemon as idle, address: [15b4d861-ce59-428f-a763-9ab93aea6674 port:54429, addresses:[/127.0.0.1, /0:0:0:0:0:0:0:1]]
10:36:31.882 [DEBUG] [org.gradle.launcher.daemon.registry.PersistentDaemonRegistry] Marking idle by address: [15b4d861-ce59-428f-a763-9ab93aea6674 port:54429, addresses:[/127.0.0.1, /0:0:0:0:0:0:0:1]]
10:36:31.889 [DEBUG] [org.gradle.cache.internal.DefaultFileLockManager] Waiting to acquire exclusive lock on daemon addresses registry.
10:36:31.890 [DEBUG] [org.gradle.cache.internal.DefaultFileLockManager] Lock acquired.
10:36:31.895 [DEBUG] [org.gradle.cache.internal.DefaultFileLockManager] Releasing lock on daemon addresses registry.
10:36:31.895 [DEBUG] [org.gradle.launcher.daemon.server.exec.ReturnResult] Daemon is dispatching the build result: Success[value=org.gradle.tooling.internal.provider.BuildActionResult@4ec1b315]
10:36:31.895 [DEBUG] [org.gradle.launcher.daemon.server.SynchronizedDispatchConnection] thread 14: dispatching class org.gradle.launcher.daemon.protocol.Success
10:36:31.897 [DEBUG] [org.gradle.launcher.daemon.server.DaemonStateCoordinator] Daemon is idle, sleeping until state change or idle timeout at Wed Jul 13 13:36:31 IST 2022
10:36:31.907 [DEBUG] [org.gradle.launcher.daemon.server.DefaultIncomingConnectionHandler] Finishing executing command: Build{id=1546a44d-ff17-494c-92d3-67ead6a25c77.1, currentDir=D:\Softwares\Eclipse\eclipse}
10:36:31.918 [DEBUG] [org.gradle.launcher.daemon.server.SynchronizedDispatchConnection] thread 23: received class org.gradle.launcher.daemon.protocol.CloseInput
10:36:31.918 [DEBUG] [org.gradle.launcher.daemon.server.DefaultDaemonConnection] Received IO message from client: org.gradle.launcher.daemon.protocol.CloseInput@50c98a7b
10:36:31.918 [DEBUG] [org.gradle.launcher.daemon.server.SynchronizedDispatchConnection] thread 23: received class org.gradle.launcher.daemon.protocol.Finished
10:36:31.918 [DEBUG] [org.gradle.launcher.daemon.server.DefaultDaemonConnection] Received non-IO message from client: org.gradle.launcher.daemon.protocol.Finished@54f604ba
10:36:31.919 [DEBUG] [org.gradle.messaging.remote.internal.inet.SocketConnection] Discarding EOFException: java.io.EOFException
10:36:31.919 [DEBUG] [org.gradle.launcher.daemon.server.SynchronizedDispatchConnection] thread 23: received null
10:36:31.919 [DEBUG] [org.gradle.launcher.daemon.server.DefaultDaemonConnection] Received end-of-input from client.
10:36:31.919 [DEBUG] [org.gradle.launcher.daemon.server.DefaultIncomingConnectionHandler] Received finished message: org.gradle.launcher.daemon.protocol.Finished@54f604ba
10:36:31.919 [DEBUG] [org.gradle.launcher.daemon.server.SynchronizedDispatchConnection] thread 14: stopping connection
10:36:31.921 [DEBUG] [org.gradle.launcher.daemon.server.SynchronizedDispatchConnection] thread 14: stopping connection
10:36:36.623 [DEBUG] [org.gradle.messaging.remote.internal.inet.TcpIncomingConnector] Accepted connection from /127.0.0.1:54473 to /127.0.0.1:54429.
10:36:36.678 [DEBUG] [org.gradle.launcher.daemon.server.SynchronizedDispatchConnection] thread 26: received class org.gradle.launcher.daemon.protocol.Build
10:36:36.679 [DEBUG] [org.gradle.launcher.daemon.server.DefaultDaemonConnection] Received non-IO message from client: Build{id=0b83aca0-08e5-48fc-a45a-d677d541ff3e.1, currentDir=D:\Softwares\Eclipse\eclipse}
10:36:36.680 [INFO] [org.gradle.launcher.daemon.server.DefaultIncomingConnectionHandler] Received command: Build{id=0b83aca0-08e5-48fc-a45a-d677d541ff3e.1, currentDir=D:\Softwares\Eclipse\eclipse}.
10:36:36.680 [DEBUG] [org.gradle.launcher.daemon.server.DefaultIncomingConnectionHandler] Starting executing command: Build{id=0b83aca0-08e5-48fc-a45a-d677d541ff3e.1, currentDir=D:\Softwares\Eclipse\eclipse} with connection: socket connection from /127.0.0.1:54429 to /127.0.0.1:54473.
10:36:36.681 [DEBUG] [org.gradle.launcher.daemon.server.DaemonStateCoordinator] Command execution: started DaemonCommandExecution[command = Build{id=0b83aca0-08e5-48fc-a45a-d677d541ff3e.1, currentDir=D:\Softwares\Eclipse\eclipse}, connection = org.gradle.launcher.daemon.server.DefaultDaemonConnection@2a035296] after 0.0 minutes of idle
10:36:36.681 [INFO] [org.gradle.launcher.daemon.server.DomainRegistryUpdater] Marking the daemon as busy, address: [15b4d861-ce59-428f-a763-9ab93aea6674 port:54429, addresses:[/127.0.0.1, /0:0:0:0:0:0:0:1]]
10:36:36.682 [DEBUG] [org.gradle.launcher.daemon.registry.PersistentDaemonRegistry] Marking busy by address: [15b4d861-ce59-428f-a763-9ab93aea6674 port:54429, addresses:[/127.0.0.1, /0:0:0:0:0:0:0:1]]
10:36:36.684 [DEBUG] [org.gradle.cache.internal.DefaultFileLockManager] Waiting to acquire exclusive lock on daemon addresses registry.
10:36:36.686 [DEBUG] [org.gradle.cache.internal.DefaultFileLockManager] Lock acquired.
10:36:36.695 [DEBUG] [org.gradle.cache.internal.DefaultFileLockManager] Releasing lock on daemon addresses registry.
10:36:36.696 [DEBUG] [org.gradle.launcher.daemon.server.DaemonStateCoordinator] updating lastActivityAt to 1657688796696
10:36:36.700 [DEBUG] [org.gradle.launcher.daemon.server.DaemonStateCoordinator] Daemon is busy, sleeping until state changes.
10:36:36.701 [INFO] [org.gradle.launcher.daemon.server.exec.StartBuildOrRespondWithBusy] Daemon is about to start building Build{id=0b83aca0-08e5-48fc-a45a-d677d541ff3e.1, currentDir=D:\Softwares\Eclipse\eclipse}. Dispatching build started information...
10:36:36.702 [DEBUG] [org.gradle.launcher.daemon.server.SynchronizedDispatchConnection] thread 17: dispatching class org.gradle.launcher.daemon.protocol.BuildStarted
10:36:36.708 [DEBUG] [org.gradle.launcher.daemon.server.exec.EstablishBuildEnvironment] Configuring env variables: {USERDOMAIN_ROAMINGPROFILE=MANAV-S-PC, LOCALAPPDATA=C:\Users\DELL\AppData\Local, ChocolateyLastPathUpdate=132719615910247581, PROCESSOR_LEVEL=6, USERDOMAIN=MANAV-S-PC, FPS_BROWSER_APP_PROFILE_STRING=Internet Explorer, LOGONSERVER=\\MANAV-S-PC, SESSIONNAME=Console, ALLUSERSPROFILE=C:\ProgramData, PROCESSOR_ARCHITECTURE=AMD64, GRADLE_HOME=D:\Softwares\Gradle\gradle-2.7-bin\gradle-2.7, PSModulePath=C:\Program Files\WindowsPowerShell\Modules;C:\Windows\system32\WindowsPowerShell\v1.0\Modules, SystemDrive=C:, OneDrive=C:\Users\DELL\OneDrive, APPDATA=C:\Users\DELL\AppData\Roaming, USERNAME=DELL, ChocolateyInstall=C:\ProgramData\chocolatey, ProgramFiles(x86)=C:\Program Files (x86), CommonProgramFiles=C:\Program Files\Common Files, Path=C:/Users/DELL/.p2/pool/plugins/org.eclipse.justj.openjdk.hotspot.jre.full.win32.x86_64_18.0.1.v20220515-1614/jre/bin/server;C:/Users/DELL/.p2/pool/plugins/org.eclipse.justj.openjdk.hotspot.jre.full.win32.x86_64_18.0.1.v20220515-1614/jre/bin;C:\Program Files (x86)\Common Files\Oracle\Java\javapath;C:\Users\DELL\AppData\Local\Programs\Python\Python39\Scripts\;C:\Users\DELL\AppData\Local\Programs\Python\Python39\;C:\Windows\system32;C:\Windows;C:\Windows\System32\Wbem;C:\Windows\System32\WindowsPowerShell\v1.0\;C:\Windows\System32\OpenSSH\;C:\MinGW\bin;C:\Program Files\Git\cmd;C:\ProgramData\chocolatey\bin;C:\Program Files\nodejs\;D:\Softwares\MATLAB\bin;C:\Program Files\Cloudflare\Cloudflare WARP\;C:\Program Files\dotnet\;D:\Softwares\Java 8\bin;D:\Softwares\Gradle\gradle-2.7-bin\gradle-2.7\bin;C:\Users\DELL\AppData\Local\Microsoft\WindowsApps;C:\Users\DELL\AppData\Local\Programs\Microsoft VS Code\bin;C:\iverilog\bin;C:\iverilog\gtkwave\bin;C:\Users\DELL\AppData\Roaming\npm;D:\Softwares\Eclipse\eclipse;, FPS_BROWSER_USER_PROFILE_STRING=Default, PATHEXT=.COM;.EXE;.BAT;.CMD;.VBS;.VBE;.JS;.JSE;.WSF;.WSH;.MSC;.PY;.PYW, DriverData=C:\Windows\System32\Drivers\DriverData, OS=Windows_NT, OneDriveConsumer=C:\Users\DELL\OneDrive, COMPUTERNAME=MANAV-S-PC, PROCESSOR_REVISION=7e05, CommonProgramW6432=C:\Program Files\Common Files, ComSpec=C:\Windows\system32\cmd.exe, ProgramData=C:\ProgramData, ProgramW6432=C:\Program Files, HOMEPATH=\Users\DELL, SystemRoot=C:\Windows, TEMP=C:\Users\DELL\AppData\Local\Temp, HOMEDRIVE=C:, PROCESSOR_IDENTIFIER=Intel64 Family 6 Model 126 Stepping 5, GenuineIntel, USERPROFILE=C:\Users\DELL, TMP=C:\Users\DELL\AppData\Local\Temp, CommonProgramFiles(x86)=C:\Program Files (x86)\Common Files, ProgramFiles=C:\Program Files, PUBLIC=C:\Users\Public, NUMBER_OF_PROCESSORS=4, windir=C:\Windows, =::=::\, ZES_ENABLE_SYSMAN=1}
10:36:36.709 [DEBUG] [org.gradle.launcher.daemon.server.exec.LogToClient] About to start relaying all logs to the client via the connection.
10:36:36.709 [INFO] [org.gradle.launcher.daemon.server.exec.LogToClient] The client will now receive all logging from the daemon (pid: 19324). The daemon log file: C:\Users\DELL\.gradle\daemon\2.7\daemon-19324.out.log
10:36:36.710 [INFO] [org.gradle.launcher.daemon.server.health.DaemonHealthTracker] Starting 4th build in daemon [uptime: 40.37 secs, performance: 98%, memory: 25% of 954.7 MB]
10:36:36.710 [DEBUG] [org.gradle.launcher.daemon.server.exec.ExecuteBuild] The daemon has started executing the build.
10:36:36.711 [INFO] [org.gradle.launcher.daemon.server.exec.ExecuteBuild] Executing build with daemon context: DefaultDaemonContext[uid=3ee589dc-7565-44d0-a1d9-bae961dc961c,javaHome=D:\Softwares\Java 8,daemonRegistryDir=C:\Users\DELL\.gradle\daemon,pid=19324,idleTimeout=10800000,daemonOpts=-XX:MaxPermSize=256m,-XX:+HeapDumpOnOutOfMemoryError,-Xmx1024m,-Dfile.encoding=UTF-8,-Duser.country=IN,-Duser.language=en,-Duser.variant]

BUILD SUCCESSFUL

Total time: 0.391 secs
Download https://jcenter.bintray.com/org/slf4j/slf4j-api/1.7.12/slf4j-api-1.7.12.pom
Download https://jcenter.bintray.com/org/slf4j/slf4j-parent/1.7.12/slf4j-parent-1.7.12.pom
Download https://jcenter.bintray.com/junit/junit/4.12/junit-4.12.pom
Download https://jcenter.bintray.com/org/hamcrest/hamcrest-core/1.3/hamcrest-core-1.3.pom
Download https://jcenter.bintray.com/org/hamcrest/hamcrest-parent/1.3/hamcrest-parent-1.3.pom
Download https://jcenter.bintray.com/org/slf4j/slf4j-api/1.7.12/slf4j-api-1.7.12.jar
Download https://jcenter.bintray.com/junit/junit/4.12/junit-4.12.jar
Download https://jcenter.bintray.com/org/hamcrest/hamcrest-core/1.3/hamcrest-core-1.3.jar
Download https://jcenter.bintray.com/org/slf4j/slf4j-api/1.7.12/slf4j-api-1.7.12-sources.jar
Download https://jcenter.bintray.com/junit/junit/4.12/junit-4.12-sources.jar
Download https://jcenter.bintray.com/org/hamcrest/hamcrest-core/1.3/hamcrest-core-1.3-sources.jar
10:36:43.509 [DEBUG] [org.gradle.api.internal.tasks.compile.daemon.CompilerDaemonManager] Stopping 0 compiler daemon(s).
10:36:43.509 [INFO] [org.gradle.api.internal.tasks.compile.daemon.CompilerDaemonManager] Stopped 0 compiler daemon(s).
10:36:43.510 [DEBUG] [org.gradle.cache.internal.DefaultFileLockManager] Releasing lock on cp_init class cache for initialization script 'D:\Softwares\Eclipse\.metadata\.plugins\org.eclipse.buildship.core\init.d\eclipsePlugin.gradle' (C:\Users\DELL\.gradle\caches\2.7\scripts\eclipsePlugin_1kywhb6fib9cjp6vwm5h2m0xh\cp_init).
10:36:43.510 [DEBUG] [org.gradle.cache.internal.DefaultFileLockManager] Releasing lock on init class cache for initialization script 'D:\Softwares\Eclipse\.metadata\.plugins\org.eclipse.buildship.core\init.d\eclipsePlugin.gradle' (C:\Users\DELL\.gradle\caches\2.7\scripts\eclipsePlugin_1kywhb6fib9cjp6vwm5h2m0xh\init).
10:36:43.510 [DEBUG] [org.gradle.cache.internal.DefaultFileLockManager] Releasing lock on cp_settings class cache for settings file 'D:\Softwares\Eclipse\Demo\settings.gradle' (C:\Users\DELL\.gradle\caches\2.7\scripts\settings_1g0tfj7xkx88fms9izug861yu\cp_settings).
10:36:43.510 [DEBUG] [org.gradle.cache.internal.DefaultFileLockManager] Releasing lock on settings class cache for settings file 'D:\Softwares\Eclipse\Demo\settings.gradle' (C:\Users\DELL\.gradle\caches\2.7\scripts\settings_1g0tfj7xkx88fms9izug861yu\settings).
10:36:43.510 [DEBUG] [org.gradle.cache.internal.DefaultFileLockManager] Releasing lock on cp_proj class cache for build file 'D:\Softwares\Eclipse\Demo\build.gradle' (C:\Users\DELL\.gradle\caches\2.7\scripts\build_9zxuu5mj8qh3dmgrbropa7hg8\cp_proj).
10:36:43.511 [DEBUG] [org.gradle.cache.internal.DefaultFileLockManager] Releasing lock on proj class cache for build file 'D:\Softwares\Eclipse\Demo\build.gradle' (C:\Users\DELL\.gradle\caches\2.7\scripts\build_9zxuu5mj8qh3dmgrbropa7hg8\proj).
10:36:43.518 [DEBUG] [org.gradle.cache.internal.btree.BTreePersistentIndexedCache] Closing cache module-artifacts.bin (C:\Users\DELL\.gradle\caches\modules-2\metadata-2.15\module-artifacts.bin)
10:36:43.519 [DEBUG] [org.gradle.cache.internal.btree.BTreePersistentIndexedCache] Closing cache artifact-at-url.bin (C:\Users\DELL\.gradle\caches\modules-2\metadata-2.15\artifact-at-url.bin)
10:36:43.519 [DEBUG] [org.gradle.cache.internal.btree.BTreePersistentIndexedCache] Closing cache module-metadata.bin (C:\Users\DELL\.gradle\caches\modules-2\metadata-2.15\module-metadata.bin)
10:36:43.520 [DEBUG] [org.gradle.cache.internal.btree.BTreePersistentIndexedCache] Closing cache artifact-at-repository.bin (C:\Users\DELL\.gradle\caches\modules-2\metadata-2.15\artifact-at-repository.bin)
10:36:43.520 [DEBUG] [org.gradle.cache.internal.DefaultFileLockManager] Releasing lock on artifact cache (C:\Users\DELL\.gradle\caches\modules-2).
10:36:43.520 [DEBUG] [org.gradle.cache.internal.DefaultCacheAccess] Cache jars (C:\Users\DELL\.gradle\caches\jars-1) was closed 0 times.
10:36:43.520 [DEBUG] [org.gradle.cache.internal.DefaultCacheAccess] Cache Plugin Resolution Cache (C:\Users\DELL\.gradle\caches\2.7\plugin-resolution) was closed 0 times.
10:36:43.520 [DEBUG] [org.gradle.api.internal.artifacts.ivyservice.ivyresolve.memcache.InMemoryCachedRepositoryFactory] In-memory dependency metadata cache closed. Repos cached: 2, cache instances: 1, modules served from cache: 0, artifacts: 0
10:36:43.521 [DEBUG] [org.gradle.api.internal.artifacts.ivyservice.resolveengine.store.CachedStoreFactory] Resolved configuration cache closed. Cache reads: 0, disk reads: 0 (avg: 0.0 secs, total: 0.0 secs)
10:36:43.525 [DEBUG] [org.gradle.api.internal.artifacts.ivyservice.resolveengine.store.CachedStoreFactory] Resolution result cache closed. Cache reads: 2, disk reads: 1 (avg: 0.013 secs, total: 0.013 secs)
10:36:43.525 [DEBUG] [org.gradle.api.internal.artifacts.ivyservice.resolveengine.store.ResolutionResultsStoreFactory] Deleted 2 resolution results binary files in 0.004 secs
10:36:43.594 [DEBUG] [org.gradle.launcher.daemon.server.exec.ExecuteBuild] The daemon has finished executing the build.
10:36:43.597 [DEBUG] [org.gradle.launcher.daemon.server.DaemonStateCoordinator] Command execution: finished waiting for DaemonCommandExecution[command = Build{id=0b83aca0-08e5-48fc-a45a-d677d541ff3e.1, currentDir=D:\Softwares\Eclipse\eclipse}, connection = org.gradle.launcher.daemon.server.DefaultDaemonConnection@2a035296]. Result org.gradle.launcher.daemon.server.DaemonStateCoordinator@41973b36 with state Running
10:36:43.597 [DEBUG] [org.gradle.launcher.daemon.server.DaemonStateCoordinator] Command execution: completed DaemonCommandExecution[command = Build{id=0b83aca0-08e5-48fc-a45a-d677d541ff3e.1, currentDir=D:\Softwares\Eclipse\eclipse}, connection = org.gradle.launcher.daemon.server.DefaultDaemonConnection@2a035296]
10:36:43.598 [DEBUG] [org.gradle.launcher.daemon.server.DaemonStateCoordinator] updating lastActivityAt to 1657688803598
10:36:43.598 [INFO] [org.gradle.launcher.daemon.server.DomainRegistryUpdater] Marking the daemon as idle, address: [15b4d861-ce59-428f-a763-9ab93aea6674 port:54429, addresses:[/127.0.0.1, /0:0:0:0:0:0:0:1]]
10:36:43.598 [DEBUG] [org.gradle.launcher.daemon.registry.PersistentDaemonRegistry] Marking idle by address: [15b4d861-ce59-428f-a763-9ab93aea6674 port:54429, addresses:[/127.0.0.1, /0:0:0:0:0:0:0:1]]
10:36:43.611 [DEBUG] [org.gradle.cache.internal.DefaultFileLockManager] Waiting to acquire exclusive lock on daemon addresses registry.
10:36:43.612 [DEBUG] [org.gradle.cache.internal.DefaultFileLockManager] Lock acquired.
10:36:43.619 [DEBUG] [org.gradle.cache.internal.DefaultFileLockManager] Releasing lock on daemon addresses registry.
10:36:43.620 [DEBUG] [org.gradle.launcher.daemon.server.exec.ReturnResult] Daemon is dispatching the build result: Success[value=org.gradle.tooling.internal.provider.BuildActionResult@5ea58d7e]
10:36:43.620 [DEBUG] [org.gradle.launcher.daemon.server.SynchronizedDispatchConnection] thread 14: dispatching class org.gradle.launcher.daemon.protocol.Success
10:36:43.652 [DEBUG] [org.gradle.launcher.daemon.server.DaemonStateCoordinator] Daemon is idle, sleeping until state change or idle timeout at Wed Jul 13 13:36:43 IST 2022
10:36:43.653 [DEBUG] [org.gradle.launcher.daemon.server.SynchronizedDispatchConnection] thread 26: received class org.gradle.launcher.daemon.protocol.CloseInput
10:36:43.653 [DEBUG] [org.gradle.launcher.daemon.server.DefaultDaemonConnection] Received IO message from client: org.gradle.launcher.daemon.protocol.CloseInput@2df8a5b9
10:36:43.658 [DEBUG] [org.gradle.launcher.daemon.server.SynchronizedDispatchConnection] thread 26: received class org.gradle.launcher.daemon.protocol.Finished
10:36:43.659 [DEBUG] [org.gradle.launcher.daemon.server.DefaultDaemonConnection] Received non-IO message from client: org.gradle.launcher.daemon.protocol.Finished@233f5e76
10:36:43.659 [DEBUG] [org.gradle.messaging.remote.internal.inet.SocketConnection] Discarding EOFException: java.io.EOFException
10:36:43.660 [DEBUG] [org.gradle.launcher.daemon.server.SynchronizedDispatchConnection] thread 26: received null
10:36:43.660 [DEBUG] [org.gradle.launcher.daemon.server.DefaultDaemonConnection] Received end-of-input from client.
10:36:43.676 [DEBUG] [org.gradle.launcher.daemon.server.DefaultIncomingConnectionHandler] Finishing executing command: Build{id=0b83aca0-08e5-48fc-a45a-d677d541ff3e.1, currentDir=D:\Softwares\Eclipse\eclipse}
10:36:43.676 [DEBUG] [org.gradle.launcher.daemon.server.DefaultIncomingConnectionHandler] Received finished message: null
10:36:43.676 [DEBUG] [org.gradle.launcher.daemon.server.SynchronizedDispatchConnection] thread 14: stopping connection
10:36:43.685 [DEBUG] [org.gradle.launcher.daemon.server.SynchronizedDispatchConnection] thread 14: stopping connection
10:36:44.708 [DEBUG] [org.gradle.messaging.remote.internal.inet.TcpIncomingConnector] Accepted connection from /127.0.0.1:54488 to /127.0.0.1:54429.
10:36:44.757 [DEBUG] [org.gradle.launcher.daemon.server.SynchronizedDispatchConnection] thread 29: received class org.gradle.launcher.daemon.protocol.Build
10:36:44.757 [DEBUG] [org.gradle.launcher.daemon.server.DefaultDaemonConnection] Received non-IO message from client: Build{id=02843cdb-de3e-4a90-b3ed-c67f7365440f.1, currentDir=D:\Softwares\Eclipse\eclipse}
10:36:44.757 [INFO] [org.gradle.launcher.daemon.server.DefaultIncomingConnectionHandler] Received command: Build{id=02843cdb-de3e-4a90-b3ed-c67f7365440f.1, currentDir=D:\Softwares\Eclipse\eclipse}.
10:36:44.757 [DEBUG] [org.gradle.launcher.daemon.server.DefaultIncomingConnectionHandler] Starting executing command: Build{id=02843cdb-de3e-4a90-b3ed-c67f7365440f.1, currentDir=D:\Softwares\Eclipse\eclipse} with connection: socket connection from /127.0.0.1:54429 to /127.0.0.1:54488.
10:36:44.758 [DEBUG] [org.gradle.launcher.daemon.server.DaemonStateCoordinator] Command execution: started DaemonCommandExecution[command = Build{id=02843cdb-de3e-4a90-b3ed-c67f7365440f.1, currentDir=D:\Softwares\Eclipse\eclipse}, connection = org.gradle.launcher.daemon.server.DefaultDaemonConnection@eb13279] after 0.0 minutes of idle
10:36:44.758 [INFO] [org.gradle.launcher.daemon.server.DomainRegistryUpdater] Marking the daemon as busy, address: [15b4d861-ce59-428f-a763-9ab93aea6674 port:54429, addresses:[/127.0.0.1, /0:0:0:0:0:0:0:1]]
10:36:44.758 [DEBUG] [org.gradle.launcher.daemon.registry.PersistentDaemonRegistry] Marking busy by address: [15b4d861-ce59-428f-a763-9ab93aea6674 port:54429, addresses:[/127.0.0.1, /0:0:0:0:0:0:0:1]]
10:36:44.759 [DEBUG] [org.gradle.cache.internal.DefaultFileLockManager] Waiting to acquire exclusive lock on daemon addresses registry.
10:36:44.760 [DEBUG] [org.gradle.cache.internal.DefaultFileLockManager] Lock acquired.
10:36:44.762 [DEBUG] [org.gradle.cache.internal.DefaultFileLockManager] Releasing lock on daemon addresses registry.
10:36:44.763 [DEBUG] [org.gradle.launcher.daemon.server.DaemonStateCoordinator] updating lastActivityAt to 1657688804763
10:36:44.763 [DEBUG] [org.gradle.launcher.daemon.server.DaemonStateCoordinator] Daemon is busy, sleeping until state changes.
10:36:44.764 [INFO] [org.gradle.launcher.daemon.server.exec.StartBuildOrRespondWithBusy] Daemon is about to start building Build{id=02843cdb-de3e-4a90-b3ed-c67f7365440f.1, currentDir=D:\Softwares\Eclipse\eclipse}. Dispatching build started information...
10:36:44.764 [DEBUG] [org.gradle.launcher.daemon.server.SynchronizedDispatchConnection] thread 17: dispatching class org.gradle.launcher.daemon.protocol.BuildStarted
10:36:44.896 [DEBUG] [org.gradle.launcher.daemon.server.exec.EstablishBuildEnvironment] Configuring env variables: {USERDOMAIN_ROAMINGPROFILE=MANAV-S-PC, LOCALAPPDATA=C:\Users\DELL\AppData\Local, ChocolateyLastPathUpdate=132719615910247581, PROCESSOR_LEVEL=6, USERDOMAIN=MANAV-S-PC, FPS_BROWSER_APP_PROFILE_STRING=Internet Explorer, LOGONSERVER=\\MANAV-S-PC, SESSIONNAME=Console, ALLUSERSPROFILE=C:\ProgramData, PROCESSOR_ARCHITECTURE=AMD64, GRADLE_HOME=D:\Softwares\Gradle\gradle-2.7-bin\gradle-2.7, PSModulePath=C:\Program Files\WindowsPowerShell\Modules;C:\Windows\system32\WindowsPowerShell\v1.0\Modules, SystemDrive=C:, OneDrive=C:\Users\DELL\OneDrive, APPDATA=C:\Users\DELL\AppData\Roaming, USERNAME=DELL, ChocolateyInstall=C:\ProgramData\chocolatey, ProgramFiles(x86)=C:\Program Files (x86), CommonProgramFiles=C:\Program Files\Common Files, Path=C:/Users/DELL/.p2/pool/plugins/org.eclipse.justj.openjdk.hotspot.jre.full.win32.x86_64_18.0.1.v20220515-1614/jre/bin/server;C:/Users/DELL/.p2/pool/plugins/org.eclipse.justj.openjdk.hotspot.jre.full.win32.x86_64_18.0.1.v20220515-1614/jre/bin;C:\Program Files (x86)\Common Files\Oracle\Java\javapath;C:\Users\DELL\AppData\Local\Programs\Python\Python39\Scripts\;C:\Users\DELL\AppData\Local\Programs\Python\Python39\;C:\Windows\system32;C:\Windows;C:\Windows\System32\Wbem;C:\Windows\System32\WindowsPowerShell\v1.0\;C:\Windows\System32\OpenSSH\;C:\MinGW\bin;C:\Program Files\Git\cmd;C:\ProgramData\chocolatey\bin;C:\Program Files\nodejs\;D:\Softwares\MATLAB\bin;C:\Program Files\Cloudflare\Cloudflare WARP\;C:\Program Files\dotnet\;D:\Softwares\Java 8\bin;D:\Softwares\Gradle\gradle-2.7-bin\gradle-2.7\bin;C:\Users\DELL\AppData\Local\Microsoft\WindowsApps;C:\Users\DELL\AppData\Local\Programs\Microsoft VS Code\bin;C:\iverilog\bin;C:\iverilog\gtkwave\bin;C:\Users\DELL\AppData\Roaming\npm;D:\Softwares\Eclipse\eclipse;, FPS_BROWSER_USER_PROFILE_STRING=Default, PATHEXT=.COM;.EXE;.BAT;.CMD;.VBS;.VBE;.JS;.JSE;.WSF;.WSH;.MSC;.PY;.PYW, DriverData=C:\Windows\System32\Drivers\DriverData, OS=Windows_NT, OneDriveConsumer=C:\Users\DELL\OneDrive, COMPUTERNAME=MANAV-S-PC, PROCESSOR_REVISION=7e05, CommonProgramW6432=C:\Program Files\Common Files, ComSpec=C:\Windows\system32\cmd.exe, ProgramData=C:\ProgramData, ProgramW6432=C:\Program Files, HOMEPATH=\Users\DELL, SystemRoot=C:\Windows, TEMP=C:\Users\DELL\AppData\Local\Temp, HOMEDRIVE=C:, PROCESSOR_IDENTIFIER=Intel64 Family 6 Model 126 Stepping 5, GenuineIntel, USERPROFILE=C:\Users\DELL, TMP=C:\Users\DELL\AppData\Local\Temp, CommonProgramFiles(x86)=C:\Program Files (x86)\Common Files, ProgramFiles=C:\Program Files, PUBLIC=C:\Users\Public, NUMBER_OF_PROCESSORS=4, windir=C:\Windows, =::=::\, ZES_ENABLE_SYSMAN=1}
10:36:44.898 [DEBUG] [org.gradle.launcher.daemon.server.exec.LogToClient] About to start relaying all logs to the client via the connection.
10:36:44.898 [INFO] [org.gradle.launcher.daemon.server.exec.LogToClient] The client will now receive all logging from the daemon (pid: 19324). The daemon log file: C:\Users\DELL\.gradle\daemon\2.7\daemon-19324.out.log
10:36:44.898 [INFO] [org.gradle.launcher.daemon.server.health.DaemonHealthTracker] Starting 5th build in daemon [uptime: 48.558 secs, performance: 98%, memory: 25% of 954.7 MB]
10:36:44.899 [DEBUG] [org.gradle.launcher.daemon.server.exec.ExecuteBuild] The daemon has started executing the build.
10:36:44.899 [INFO] [org.gradle.launcher.daemon.server.exec.ExecuteBuild] Executing build with daemon context: DefaultDaemonContext[uid=3ee589dc-7565-44d0-a1d9-bae961dc961c,javaHome=D:\Softwares\Java 8,daemonRegistryDir=C:\Users\DELL\.gradle\daemon,pid=19324,idleTimeout=10800000,daemonOpts=-XX:MaxPermSize=256m,-XX:+HeapDumpOnOutOfMemoryError,-Xmx1024m,-Dfile.encoding=UTF-8,-Duser.country=IN,-Duser.language=en,-Duser.variant]

BUILD SUCCESSFUL

Total time: 0.674 secs
10:36:45.318 [DEBUG] [org.gradle.api.internal.tasks.compile.daemon.CompilerDaemonManager] Stopping 0 compiler daemon(s).
10:36:45.318 [INFO] [org.gradle.api.internal.tasks.compile.daemon.CompilerDaemonManager] Stopped 0 compiler daemon(s).
10:36:45.318 [DEBUG] [org.gradle.cache.internal.DefaultFileLockManager] Releasing lock on cp_init class cache for initialization script 'D:\Softwares\Eclipse\.metadata\.plugins\org.eclipse.buildship.core\init.d\eclipsePlugin.gradle' (C:\Users\DELL\.gradle\caches\2.7\scripts\eclipsePlugin_1kywhb6fib9cjp6vwm5h2m0xh\cp_init).
10:36:45.319 [DEBUG] [org.gradle.cache.internal.DefaultFileLockManager] Releasing lock on init class cache for initialization script 'D:\Softwares\Eclipse\.metadata\.plugins\org.eclipse.buildship.core\init.d\eclipsePlugin.gradle' (C:\Users\DELL\.gradle\caches\2.7\scripts\eclipsePlugin_1kywhb6fib9cjp6vwm5h2m0xh\init).
10:36:45.319 [DEBUG] [org.gradle.cache.internal.DefaultFileLockManager] Releasing lock on cp_settings class cache for settings file 'D:\Softwares\Eclipse\Demo\settings.gradle' (C:\Users\DELL\.gradle\caches\2.7\scripts\settings_1g0tfj7xkx88fms9izug861yu\cp_settings).
10:36:45.320 [DEBUG] [org.gradle.cache.internal.DefaultFileLockManager] Releasing lock on settings class cache for settings file 'D:\Softwares\Eclipse\Demo\settings.gradle' (C:\Users\DELL\.gradle\caches\2.7\scripts\settings_1g0tfj7xkx88fms9izug861yu\settings).
10:36:45.321 [DEBUG] [org.gradle.cache.internal.DefaultFileLockManager] Releasing lock on cp_proj class cache for build file 'D:\Softwares\Eclipse\Demo\build.gradle' (C:\Users\DELL\.gradle\caches\2.7\scripts\build_9zxuu5mj8qh3dmgrbropa7hg8\cp_proj).
10:36:45.321 [DEBUG] [org.gradle.cache.internal.DefaultFileLockManager] Releasing lock on proj class cache for build file 'D:\Softwares\Eclipse\Demo\build.gradle' (C:\Users\DELL\.gradle\caches\2.7\scripts\build_9zxuu5mj8qh3dmgrbropa7hg8\proj).
10:36:45.322 [DEBUG] [org.gradle.cache.internal.DefaultCacheAccess] Cache jars (C:\Users\DELL\.gradle\caches\jars-1) was closed 0 times.
10:36:45.322 [DEBUG] [org.gradle.cache.internal.DefaultCacheAccess] Cache Plugin Resolution Cache (C:\Users\DELL\.gradle\caches\2.7\plugin-resolution) was closed 0 times.
10:36:45.322 [DEBUG] [org.gradle.cache.internal.DefaultCacheAccess] Cache artifact cache (C:\Users\DELL\.gradle\caches\modules-2) was closed 0 times.
10:36:45.322 [DEBUG] [org.gradle.api.internal.artifacts.ivyservice.ivyresolve.memcache.InMemoryCachedRepositoryFactory] In-memory dependency metadata cache closed. Repos cached: 0, cache instances: 0, modules served from cache: 0, artifacts: 0
10:36:45.323 [DEBUG] [org.gradle.api.internal.artifacts.ivyservice.resolveengine.store.ResolutionResultsStoreFactory] Deleted 0 resolution results binary files in 0.0 secs
10:36:45.323 [DEBUG] [org.gradle.launcher.daemon.server.exec.ExecuteBuild] The daemon has finished executing the build.
10:36:45.336 [DEBUG] [org.gradle.launcher.daemon.server.DaemonStateCoordinator] Command execution: finished waiting for DaemonCommandExecution[command = Build{id=02843cdb-de3e-4a90-b3ed-c67f7365440f.1, currentDir=D:\Softwares\Eclipse\eclipse}, connection = org.gradle.launcher.daemon.server.DefaultDaemonConnection@eb13279]. Result org.gradle.launcher.daemon.server.DaemonStateCoordinator@41973b36 with state Running
10:36:45.337 [DEBUG] [org.gradle.launcher.daemon.server.DaemonStateCoordinator] Command execution: completed DaemonCommandExecution[command = Build{id=02843cdb-de3e-4a90-b3ed-c67f7365440f.1, currentDir=D:\Softwares\Eclipse\eclipse}, connection = org.gradle.launcher.daemon.server.DefaultDaemonConnection@eb13279]
10:36:45.337 [DEBUG] [org.gradle.launcher.daemon.server.DaemonStateCoordinator] updating lastActivityAt to 1657688805337
10:36:45.337 [INFO] [org.gradle.launcher.daemon.server.DomainRegistryUpdater] Marking the daemon as idle, address: [15b4d861-ce59-428f-a763-9ab93aea6674 port:54429, addresses:[/127.0.0.1, /0:0:0:0:0:0:0:1]]
10:36:45.337 [DEBUG] [org.gradle.launcher.daemon.registry.PersistentDaemonRegistry] Marking idle by address: [15b4d861-ce59-428f-a763-9ab93aea6674 port:54429, addresses:[/127.0.0.1, /0:0:0:0:0:0:0:1]]
10:36:45.345 [DEBUG] [org.gradle.cache.internal.DefaultFileLockManager] Waiting to acquire exclusive lock on daemon addresses registry.
10:36:45.345 [DEBUG] [org.gradle.cache.internal.DefaultFileLockManager] Lock acquired.
10:36:45.351 [DEBUG] [org.gradle.cache.internal.DefaultFileLockManager] Releasing lock on daemon addresses registry.
10:36:45.351 [DEBUG] [org.gradle.launcher.daemon.server.exec.ReturnResult] Daemon is dispatching the build result: Success[value=org.gradle.tooling.internal.provider.BuildActionResult@6f0c97da]
10:36:45.351 [DEBUG] [org.gradle.launcher.daemon.server.DaemonStateCoordinator] Daemon is idle, sleeping until state change or idle timeout at Wed Jul 13 13:36:45 IST 2022
10:36:45.351 [DEBUG] [org.gradle.launcher.daemon.server.SynchronizedDispatchConnection] thread 14: dispatching class org.gradle.launcher.daemon.protocol.Success
10:36:45.356 [DEBUG] [org.gradle.launcher.daemon.server.DefaultIncomingConnectionHandler] Finishing executing command: Build{id=02843cdb-de3e-4a90-b3ed-c67f7365440f.1, currentDir=D:\Softwares\Eclipse\eclipse}
10:36:45.358 [DEBUG] [org.gradle.launcher.daemon.server.SynchronizedDispatchConnection] thread 29: received class org.gradle.launcher.daemon.protocol.CloseInput
10:36:45.359 [DEBUG] [org.gradle.launcher.daemon.server.DefaultDaemonConnection] Received IO message from client: org.gradle.launcher.daemon.protocol.CloseInput@39b97145
10:36:45.361 [DEBUG] [org.gradle.launcher.daemon.server.SynchronizedDispatchConnection] thread 29: received class org.gradle.launcher.daemon.protocol.Finished
10:36:45.361 [DEBUG] [org.gradle.launcher.daemon.server.DefaultDaemonConnection] Received non-IO message from client: org.gradle.launcher.daemon.protocol.Finished@377e9802
10:36:45.361 [DEBUG] [org.gradle.messaging.remote.internal.inet.SocketConnection] Discarding EOFException: java.io.EOFException
10:36:45.361 [DEBUG] [org.gradle.launcher.daemon.server.SynchronizedDispatchConnection] thread 29: received null
10:36:45.362 [DEBUG] [org.gradle.launcher.daemon.server.DefaultDaemonConnection] Received end-of-input from client.
10:36:45.367 [DEBUG] [org.gradle.launcher.daemon.server.DefaultIncomingConnectionHandler] Received finished message: null
10:36:45.371 [DEBUG] [org.gradle.launcher.daemon.server.SynchronizedDispatchConnection] thread 14: stopping connection
10:36:45.382 [DEBUG] [org.gradle.launcher.daemon.server.SynchronizedDispatchConnection] thread 14: stopping connection
13:52:14.458 [DEBUG] [org.gradle.launcher.daemon.server.DaemonStateCoordinator] Idle timeout: daemon has been idle for requested period. Stopping now.
13:52:14.584 [DEBUG] [org.gradle.launcher.daemon.server.DaemonStateCoordinator] Marking daemon stopped due to idle timeout. The daemon is running a build: false
13:52:14.587 [DEBUG] [org.gradle.launcher.daemon.server.Daemon] stop() called on daemon
13:52:14.590 [INFO] [org.gradle.launcher.daemon.server.Daemon] Stop requested. Daemon is removing its presence from the registry...
13:52:14.661 [DEBUG] [org.gradle.launcher.daemon.server.DomainRegistryUpdater] Removing our presence to clients, eg. removing this address from the registry: [15b4d861-ce59-428f-a763-9ab93aea6674 port:54429, addresses:[/127.0.0.1, /0:0:0:0:0:0:0:1]]
13:52:14.675 [DEBUG] [org.gradle.launcher.daemon.registry.PersistentDaemonRegistry] Removing daemon address: [15b4d861-ce59-428f-a763-9ab93aea6674 port:54429, addresses:[/127.0.0.1, /0:0:0:0:0:0:0:1]]
13:52:14.837 [DEBUG] [org.gradle.cache.internal.DefaultFileLockManager] Waiting to acquire exclusive lock on daemon addresses registry.
13:52:14.847 [DEBUG] [org.gradle.cache.internal.DefaultFileLockManager] Lock acquired.
13:52:14.945 [DEBUG] [org.gradle.cache.internal.DefaultFileLockManager] Releasing lock on daemon addresses registry.
13:52:14.946 [DEBUG] [org.gradle.launcher.daemon.server.DomainRegistryUpdater] Address removed from registry.
13:52:15.030 [DEBUG] [org.gradle.launcher.daemon.registry.PersistentDaemonRegistry] Removing daemon address: [15b4d861-ce59-428f-a763-9ab93aea6674 port:54429, addresses:[/127.0.0.1, /0:0:0:0:0:0:0:1]]
Daemon vm is shutting down... The daemon has exited normally or was terminated in response to a user interrupt.
13:52:15.041 [DEBUG] [org.gradle.cache.internal.DefaultFileLockManager] Waiting to acquire exclusive lock on daemon addresses registry.
13:52:15.041 [DEBUG] [org.gradle.cache.internal.DefaultFileLockManager] Lock acquired.
13:52:15.053 [DEBUG] [org.gradle.cache.internal.DefaultFileLockManager] Releasing lock on daemon addresses registry.
